<?xml version="1.0" encoding="utf-8"?>
<CoverageSession xmlns:xsd="http://www.w3.org/2001/XMLSchema" xmlns:xsi="http://www.w3.org/2001/XMLSchema-instance" Version="0.0.0.0">
  <Summary numSequencePoints="750" visitedSequencePoints="707" numBranchPoints="0" visitedBranchPoints="0" sequenceCoverage="94.27" branchCoverage="0.0" maxCyclomaticComplexity="0" minCyclomaticComplexity="0" maxCrapScore="0" minCrapScore="0" visitedClasses="12" numClasses="12" visitedMethods="88" numMethods="88" />
  <Modules>
    <Module>
      <Summary numSequencePoints="354" visitedSequencePoints="313" numBranchPoints="0" visitedBranchPoints="0" sequenceCoverage="88.42" branchCoverage="0.0" maxCyclomaticComplexity="0" minCyclomaticComplexity="0" maxCrapScore="0" minCrapScore="0" visitedClasses="6" numClasses="6" visitedMethods="48" numMethods="48" />
      <ModuleTime>0001-01-01T00:00:00</ModuleTime>
      <ModuleName>NewAssembly</ModuleName>
      <Files>
        <File uid="1" fullPath="C:/Users/davrr/Unity Projects/Game 2048/Assets/Scripts/Cell.cs" />
        <File uid="2" fullPath="C:/Users/davrr/Unity Projects/Game 2048/Assets/Scripts/CellView.cs" />
        <File uid="3" fullPath="C:/Users/davrr/Unity Projects/Game 2048/Assets/Scripts/ColorManager.cs" />
        <File uid="4" fullPath="C:/Users/davrr/Unity Projects/Game 2048/Assets/Scripts/GameController.cs" />
        <File uid="5" fullPath="C:/Users/davrr/Unity Projects/Game 2048/Assets/Scripts/GameField.cs" />
        <File uid="6" fullPath="C:/Users/davrr/Unity Projects/Game 2048/Assets/Scripts/InputHandler.cs" />
      </Files>
      <Classes>
        <Class>
          <Summary numSequencePoints="48" visitedSequencePoints="48" numBranchPoints="0" visitedBranchPoints="0" sequenceCoverage="100.0" branchCoverage="0.0" maxCyclomaticComplexity="0" minCyclomaticComplexity="0" maxCrapScore="0" minCrapScore="0" visitedClasses="1" numClasses="1" visitedMethods="17" numMethods="17" />
          <FullName>Cell</FullName>
          <Methods>
            <Method visited="true" cyclomaticComplexity="0" nPathComplexity="0" sequenceCoverage="100.0" branchCoverage="0" crapScore="0" isConstructor="false" isStatic="false" isGetter="true" isSetter="false">
              <Summary numSequencePoints="1" visitedSequencePoints="1" numBranchPoints="0" visitedBranchPoints="0" sequenceCoverage="100.0" branchCoverage="0" maxCyclomaticComplexity="0" minCyclomaticComplexity="0" maxCrapScore="0" minCrapScore="0" visitedClasses="0" numClasses="0" visitedMethods="1" numMethods="1" />
              <MetadataToken>100663297</MetadataToken>
              <Name>System.Int32 Cell::get_X()</Name>
              <FileRef uid="1" />
              <SequencePoints>
                <SequencePoint vc="245" uspid="761" ordinal="0" offset="0" sl="8" sc="20" el="8" ec="20" bec="0" bev="0" fileid="1" />
              </SequencePoints>
              <BranchPoints />
            </Method>
            <Method visited="true" cyclomaticComplexity="0" nPathComplexity="0" sequenceCoverage="100.0" branchCoverage="0" crapScore="0" isConstructor="false" isStatic="false" isGetter="false" isSetter="true">
              <Summary numSequencePoints="1" visitedSequencePoints="1" numBranchPoints="0" visitedBranchPoints="0" sequenceCoverage="100.0" branchCoverage="0" maxCyclomaticComplexity="0" minCyclomaticComplexity="0" maxCrapScore="0" minCrapScore="0" visitedClasses="0" numClasses="0" visitedMethods="1" numMethods="1" />
              <MetadataToken>100663298</MetadataToken>
              <Name>System.Void Cell::set_X(System.Int32)</Name>
              <FileRef uid="1" />
              <SequencePoints>
                <SequencePoint vc="432" uspid="762" ordinal="0" offset="0" sl="8" sc="25" el="8" ec="25" bec="0" bev="0" fileid="1" />
              </SequencePoints>
              <BranchPoints />
            </Method>
            <Method visited="true" cyclomaticComplexity="0" nPathComplexity="0" sequenceCoverage="100.0" branchCoverage="0" crapScore="0" isConstructor="false" isStatic="false" isGetter="true" isSetter="false">
              <Summary numSequencePoints="1" visitedSequencePoints="1" numBranchPoints="0" visitedBranchPoints="0" sequenceCoverage="100.0" branchCoverage="0" maxCyclomaticComplexity="0" minCyclomaticComplexity="0" maxCrapScore="0" minCrapScore="0" visitedClasses="0" numClasses="0" visitedMethods="1" numMethods="1" />
              <MetadataToken>100663299</MetadataToken>
              <Name>System.Int32 Cell::get_Y()</Name>
              <FileRef uid="1" />
              <SequencePoints>
                <SequencePoint vc="245" uspid="763" ordinal="0" offset="0" sl="9" sc="20" el="9" ec="20" bec="0" bev="0" fileid="1" />
              </SequencePoints>
              <BranchPoints />
            </Method>
            <Method visited="true" cyclomaticComplexity="0" nPathComplexity="0" sequenceCoverage="100.0" branchCoverage="0" crapScore="0" isConstructor="false" isStatic="false" isGetter="false" isSetter="true">
              <Summary numSequencePoints="1" visitedSequencePoints="1" numBranchPoints="0" visitedBranchPoints="0" sequenceCoverage="100.0" branchCoverage="0" maxCyclomaticComplexity="0" minCyclomaticComplexity="0" maxCrapScore="0" minCrapScore="0" visitedClasses="0" numClasses="0" visitedMethods="1" numMethods="1" />
              <MetadataToken>100663300</MetadataToken>
              <Name>System.Void Cell::set_Y(System.Int32)</Name>
              <FileRef uid="1" />
              <SequencePoints>
                <SequencePoint vc="432" uspid="764" ordinal="0" offset="0" sl="9" sc="25" el="9" ec="25" bec="0" bev="0" fileid="1" />
              </SequencePoints>
              <BranchPoints />
            </Method>
            <Method visited="true" cyclomaticComplexity="0" nPathComplexity="0" sequenceCoverage="100.0" branchCoverage="0" crapScore="0" isConstructor="false" isStatic="false" isGetter="true" isSetter="false">
              <Summary numSequencePoints="1" visitedSequencePoints="1" numBranchPoints="0" visitedBranchPoints="0" sequenceCoverage="100.0" branchCoverage="0" maxCyclomaticComplexity="0" minCyclomaticComplexity="0" maxCrapScore="0" minCrapScore="0" visitedClasses="0" numClasses="0" visitedMethods="1" numMethods="1" />
              <MetadataToken>100663301</MetadataToken>
              <Name>System.Int32 Cell::get_Value()</Name>
              <FileRef uid="1" />
              <SequencePoints>
                <SequencePoint vc="2958" uspid="765" ordinal="0" offset="0" sl="11" sc="24" el="11" ec="24" bec="0" bev="0" fileid="1" />
              </SequencePoints>
              <BranchPoints />
            </Method>
            <Method visited="true" cyclomaticComplexity="0" nPathComplexity="0" sequenceCoverage="100.0" branchCoverage="0" crapScore="0" isConstructor="false" isStatic="false" isGetter="false" isSetter="true">
              <Summary numSequencePoints="1" visitedSequencePoints="1" numBranchPoints="0" visitedBranchPoints="0" sequenceCoverage="100.0" branchCoverage="0" maxCyclomaticComplexity="0" minCyclomaticComplexity="0" maxCrapScore="0" minCrapScore="0" visitedClasses="0" numClasses="0" visitedMethods="1" numMethods="1" />
              <MetadataToken>100663302</MetadataToken>
              <Name>System.Void Cell::set_Value(System.Int32)</Name>
              <FileRef uid="1" />
              <SequencePoints>
                <SequencePoint vc="436" uspid="766" ordinal="0" offset="0" sl="11" sc="29" el="11" ec="29" bec="0" bev="0" fileid="1" />
              </SequencePoints>
              <BranchPoints />
            </Method>
            <Method visited="true" cyclomaticComplexity="0" nPathComplexity="0" sequenceCoverage="100.0" branchCoverage="0" crapScore="0" isConstructor="false" isStatic="false" isGetter="true" isSetter="false">
              <Summary numSequencePoints="1" visitedSequencePoints="1" numBranchPoints="0" visitedBranchPoints="0" sequenceCoverage="100.0" branchCoverage="0" maxCyclomaticComplexity="0" minCyclomaticComplexity="0" maxCrapScore="0" minCrapScore="0" visitedClasses="0" numClasses="0" visitedMethods="1" numMethods="1" />
              <MetadataToken>100663303</MetadataToken>
              <Name>System.Int32 Cell::get_Points()</Name>
              <FileRef uid="1" />
              <SequencePoints>
                <SequencePoint vc="81" uspid="767" ordinal="0" offset="0" sl="12" sc="26" el="12" ec="26" bec="0" bev="0" fileid="1" />
              </SequencePoints>
              <BranchPoints />
            </Method>
            <Method visited="true" cyclomaticComplexity="0" nPathComplexity="0" sequenceCoverage="100.0" branchCoverage="0" crapScore="0" isConstructor="false" isStatic="false" isGetter="true" isSetter="false">
              <Summary numSequencePoints="1" visitedSequencePoints="1" numBranchPoints="0" visitedBranchPoints="0" sequenceCoverage="100.0" branchCoverage="0" maxCyclomaticComplexity="0" minCyclomaticComplexity="0" maxCrapScore="0" minCrapScore="0" visitedClasses="0" numClasses="0" visitedMethods="1" numMethods="1" />
              <MetadataToken>100663304</MetadataToken>
              <Name>System.Boolean Cell::get_HasMerged()</Name>
              <FileRef uid="1" />
              <SequencePoints>
                <SequencePoint vc="4" uspid="768" ordinal="0" offset="0" sl="14" sc="29" el="14" ec="29" bec="0" bev="0" fileid="1" />
              </SequencePoints>
              <BranchPoints />
            </Method>
            <Method visited="true" cyclomaticComplexity="0" nPathComplexity="0" sequenceCoverage="100.0" branchCoverage="0" crapScore="0" isConstructor="false" isStatic="false" isGetter="false" isSetter="true">
              <Summary numSequencePoints="1" visitedSequencePoints="1" numBranchPoints="0" visitedBranchPoints="0" sequenceCoverage="100.0" branchCoverage="0" maxCyclomaticComplexity="0" minCyclomaticComplexity="0" maxCrapScore="0" minCrapScore="0" visitedClasses="0" numClasses="0" visitedMethods="1" numMethods="1" />
              <MetadataToken>100663305</MetadataToken>
              <Name>System.Void Cell::set_HasMerged(System.Boolean)</Name>
              <FileRef uid="1" />
              <SequencePoints>
                <SequencePoint vc="69" uspid="769" ordinal="0" offset="0" sl="14" sc="34" el="14" ec="34" bec="0" bev="0" fileid="1" />
              </SequencePoints>
              <BranchPoints />
            </Method>
            <Method visited="true" cyclomaticComplexity="0" nPathComplexity="0" sequenceCoverage="100.0" branchCoverage="0" crapScore="0" isConstructor="false" isStatic="false" isGetter="true" isSetter="false">
              <Summary numSequencePoints="1" visitedSequencePoints="1" numBranchPoints="0" visitedBranchPoints="0" sequenceCoverage="100.0" branchCoverage="0" maxCyclomaticComplexity="0" minCyclomaticComplexity="0" maxCrapScore="0" minCrapScore="0" visitedClasses="0" numClasses="0" visitedMethods="1" numMethods="1" />
              <MetadataToken>100663306</MetadataToken>
              <Name>System.Boolean Cell::get_IsEmpty()</Name>
              <FileRef uid="1" />
              <SequencePoints>
                <SequencePoint vc="1324" uspid="770" ordinal="0" offset="0" sl="15" sc="28" el="15" ec="28" bec="0" bev="0" fileid="1" />
              </SequencePoints>
              <BranchPoints />
            </Method>
            <Method visited="true" cyclomaticComplexity="0" nPathComplexity="0" sequenceCoverage="100.0" branchCoverage="0" crapScore="0" isConstructor="false" isStatic="false" isGetter="false" isSetter="false">
              <Summary numSequencePoints="7" visitedSequencePoints="7" numBranchPoints="0" visitedBranchPoints="0" sequenceCoverage="100.0" branchCoverage="0" maxCyclomaticComplexity="0" minCyclomaticComplexity="0" maxCrapScore="0" minCrapScore="0" visitedClasses="0" numClasses="0" visitedMethods="1" numMethods="1" />
              <MetadataToken>100663307</MetadataToken>
              <Name>System.Void Cell::SetValue(System.Int32, System.Int32, System.Int32)</Name>
              <FileRef uid="1" />
              <SequencePoints>
                <SequencePoint vc="432" uspid="771" ordinal="0" offset="0" sl="28" sc="5" el="28" ec="5" bec="0" bev="0" fileid="1" />
                <SequencePoint vc="432" uspid="772" ordinal="0" offset="1" sl="29" sc="9" el="29" ec="9" bec="0" bev="0" fileid="1" />
                <SequencePoint vc="432" uspid="773" ordinal="0" offset="9" sl="30" sc="9" el="30" ec="9" bec="0" bev="0" fileid="1" />
                <SequencePoint vc="432" uspid="774" ordinal="0" offset="17" sl="31" sc="9" el="31" ec="9" bec="0" bev="0" fileid="1" />
                <SequencePoint vc="432" uspid="775" ordinal="0" offset="25" sl="33" sc="9" el="33" ec="9" bec="0" bev="0" fileid="1" />
                <SequencePoint vc="432" uspid="776" ordinal="0" offset="43" sl="34" sc="9" el="34" ec="9" bec="0" bev="0" fileid="1" />
                <SequencePoint vc="432" uspid="777" ordinal="0" offset="50" sl="35" sc="5" el="35" ec="5" bec="0" bev="0" fileid="1" />
              </SequencePoints>
              <BranchPoints />
            </Method>
            <Method visited="true" cyclomaticComplexity="0" nPathComplexity="0" sequenceCoverage="100.0" branchCoverage="0" crapScore="0" isConstructor="false" isStatic="false" isGetter="false" isSetter="false">
              <Summary numSequencePoints="7" visitedSequencePoints="7" numBranchPoints="0" visitedBranchPoints="0" sequenceCoverage="100.0" branchCoverage="0" maxCyclomaticComplexity="0" minCyclomaticComplexity="0" maxCrapScore="0" minCrapScore="0" visitedClasses="0" numClasses="0" visitedMethods="1" numMethods="1" />
              <MetadataToken>100663308</MetadataToken>
              <Name>System.Void Cell::IncreaseValue()</Name>
              <FileRef uid="1" />
              <SequencePoints>
                <SequencePoint vc="4" uspid="778" ordinal="0" offset="0" sl="38" sc="5" el="38" ec="5" bec="0" bev="0" fileid="1" />
                <SequencePoint vc="4" uspid="779" ordinal="0" offset="1" sl="39" sc="9" el="39" ec="9" bec="0" bev="0" fileid="1" />
                <SequencePoint vc="4" uspid="780" ordinal="0" offset="18" sl="40" sc="9" el="40" ec="9" bec="0" bev="0" fileid="1" />
                <SequencePoint vc="4" uspid="781" ordinal="0" offset="26" sl="42" sc="9" el="42" ec="9" bec="0" bev="0" fileid="1" />
                <SequencePoint vc="4" uspid="782" ordinal="0" offset="44" sl="43" sc="9" el="43" ec="9" bec="0" bev="0" fileid="1" />
                <SequencePoint vc="4" uspid="783" ordinal="0" offset="61" sl="45" sc="9" el="45" ec="9" bec="0" bev="0" fileid="1" />
                <SequencePoint vc="4" uspid="784" ordinal="0" offset="68" sl="46" sc="5" el="46" ec="5" bec="0" bev="0" fileid="1" />
              </SequencePoints>
              <BranchPoints />
            </Method>
            <Method visited="true" cyclomaticComplexity="0" nPathComplexity="0" sequenceCoverage="100.0" branchCoverage="0" crapScore="0" isConstructor="false" isStatic="false" isGetter="false" isSetter="false">
              <Summary numSequencePoints="3" visitedSequencePoints="3" numBranchPoints="0" visitedBranchPoints="0" sequenceCoverage="100.0" branchCoverage="0" maxCyclomaticComplexity="0" minCyclomaticComplexity="0" maxCrapScore="0" minCrapScore="0" visitedClasses="0" numClasses="0" visitedMethods="1" numMethods="1" />
              <MetadataToken>100663309</MetadataToken>
              <Name>System.Void Cell::ResetFlags()</Name>
              <FileRef uid="1" />
              <SequencePoints>
                <SequencePoint vc="65" uspid="785" ordinal="0" offset="0" sl="49" sc="5" el="49" ec="5" bec="0" bev="0" fileid="1" />
                <SequencePoint vc="65" uspid="786" ordinal="0" offset="1" sl="50" sc="9" el="50" ec="9" bec="0" bev="0" fileid="1" />
                <SequencePoint vc="65" uspid="787" ordinal="0" offset="9" sl="51" sc="5" el="51" ec="5" bec="0" bev="0" fileid="1" />
              </SequencePoints>
              <BranchPoints />
            </Method>
            <Method visited="true" cyclomaticComplexity="0" nPathComplexity="0" sequenceCoverage="100.0" branchCoverage="0" crapScore="0" isConstructor="false" isStatic="false" isGetter="false" isSetter="false">
              <Summary numSequencePoints="5" visitedSequencePoints="5" numBranchPoints="0" visitedBranchPoints="0" sequenceCoverage="100.0" branchCoverage="0" maxCyclomaticComplexity="0" minCyclomaticComplexity="0" maxCrapScore="0" minCrapScore="0" visitedClasses="0" numClasses="0" visitedMethods="1" numMethods="1" />
              <MetadataToken>100663310</MetadataToken>
              <Name>System.Void Cell::MergeWithCell(Cell)</Name>
              <FileRef uid="1" />
              <SequencePoints>
                <SequencePoint vc="2" uspid="788" ordinal="0" offset="0" sl="54" sc="5" el="54" ec="5" bec="0" bev="0" fileid="1" />
                <SequencePoint vc="2" uspid="789" ordinal="0" offset="1" sl="55" sc="9" el="55" ec="9" bec="0" bev="0" fileid="1" />
                <SequencePoint vc="2" uspid="790" ordinal="0" offset="8" sl="56" sc="9" el="56" ec="9" bec="0" bev="0" fileid="1" />
                <SequencePoint vc="2" uspid="791" ordinal="0" offset="28" sl="58" sc="9" el="58" ec="9" bec="0" bev="0" fileid="1" />
                <SequencePoint vc="2" uspid="792" ordinal="0" offset="35" sl="59" sc="5" el="59" ec="5" bec="0" bev="0" fileid="1" />
              </SequencePoints>
              <BranchPoints />
            </Method>
            <Method visited="true" cyclomaticComplexity="0" nPathComplexity="0" sequenceCoverage="100.0" branchCoverage="0" crapScore="0" isConstructor="false" isStatic="false" isGetter="false" isSetter="false">
              <Summary numSequencePoints="6" visitedSequencePoints="6" numBranchPoints="0" visitedBranchPoints="0" sequenceCoverage="100.0" branchCoverage="0" maxCyclomaticComplexity="0" minCyclomaticComplexity="0" maxCrapScore="0" minCrapScore="0" visitedClasses="0" numClasses="0" visitedMethods="1" numMethods="1" />
              <MetadataToken>100663311</MetadataToken>
              <Name>System.Void Cell::MoveToCell(Cell)</Name>
              <FileRef uid="1" />
              <SequencePoints>
                <SequencePoint vc="3" uspid="793" ordinal="0" offset="0" sl="62" sc="5" el="62" ec="5" bec="0" bev="0" fileid="1" />
                <SequencePoint vc="3" uspid="794" ordinal="0" offset="1" sl="63" sc="9" el="63" ec="9" bec="0" bev="0" fileid="1" />
                <SequencePoint vc="3" uspid="795" ordinal="0" offset="26" sl="64" sc="9" el="64" ec="9" bec="0" bev="0" fileid="1" />
                <SequencePoint vc="3" uspid="796" ordinal="0" offset="46" sl="66" sc="9" el="66" ec="9" bec="0" bev="0" fileid="1" />
                <SequencePoint vc="3" uspid="797" ordinal="0" offset="77" sl="67" sc="9" el="67" ec="9" bec="0" bev="0" fileid="1" />
                <SequencePoint vc="3" uspid="798" ordinal="0" offset="84" sl="68" sc="5" el="68" ec="5" bec="0" bev="0" fileid="1" />
              </SequencePoints>
              <BranchPoints />
            </Method>
            <Method visited="true" cyclomaticComplexity="0" nPathComplexity="0" sequenceCoverage="100.0" branchCoverage="0" crapScore="0" isConstructor="false" isStatic="false" isGetter="false" isSetter="false">
              <Summary numSequencePoints="8" visitedSequencePoints="8" numBranchPoints="0" visitedBranchPoints="0" sequenceCoverage="100.0" branchCoverage="0" maxCyclomaticComplexity="0" minCyclomaticComplexity="0" maxCrapScore="0" minCrapScore="0" visitedClasses="0" numClasses="0" visitedMethods="1" numMethods="1" />
              <MetadataToken>100663312</MetadataToken>
              <Name>System.Void Cell::UpdateCell()</Name>
              <FileRef uid="1" />
              <SequencePoints>
                <SequencePoint vc="441" uspid="799" ordinal="0" offset="0" sl="71" sc="5" el="71" ec="5" bec="0" bev="0" fileid="1" />
                <SequencePoint vc="441" uspid="800" ordinal="0" offset="1" sl="72" sc="9" el="72" ec="9" bec="0" bev="0" fileid="1" />
                <SequencePoint vc="441" uspid="801" ordinal="0" offset="42" sl="73" sc="9" el="73" ec="9" bec="0" bev="0" fileid="1" />
                <SequencePoint vc="441" uspid="802" ordinal="0" offset="85" sl="76" sc="9" el="76" ec="9" bec="0" bev="0" fileid="1" />
                <SequencePoint vc="441" uspid="803" ordinal="0" offset="97" sl="77" sc="9" el="77" ec="9" bec="0" bev="0" fileid="1" />
                <SequencePoint vc="441" uspid="804" ordinal="0" offset="109" sl="78" sc="9" el="78" ec="9" bec="0" bev="0" fileid="1" />
                <SequencePoint vc="441" uspid="805" ordinal="0" offset="122" sl="80" sc="9" el="80" ec="9" bec="0" bev="0" fileid="1" />
                <SequencePoint vc="441" uspid="806" ordinal="0" offset="155" sl="81" sc="5" el="81" ec="5" bec="0" bev="0" fileid="1" />
              </SequencePoints>
              <BranchPoints />
            </Method>
            <Method visited="true" cyclomaticComplexity="0" nPathComplexity="0" sequenceCoverage="100.0" branchCoverage="0" crapScore="0" isConstructor="true" isStatic="false" isGetter="false" isSetter="false">
              <Summary numSequencePoints="2" visitedSequencePoints="2" numBranchPoints="0" visitedBranchPoints="0" sequenceCoverage="100.0" branchCoverage="0" maxCyclomaticComplexity="0" minCyclomaticComplexity="0" maxCrapScore="0" minCrapScore="0" visitedClasses="0" numClasses="0" visitedMethods="1" numMethods="1" />
              <MetadataToken>100663313</MetadataToken>
              <Name>Cell::Cell()</Name>
              <FileRef uid="1" />
              <SequencePoints>
                <SequencePoint vc="182" uspid="807" ordinal="0" offset="0" sl="19" sc="5" el="19" ec="5" bec="0" bev="0" fileid="1" />
                <SequencePoint vc="182" uspid="808" ordinal="0" offset="11" sl="20" sc="5" el="20" ec="5" bec="0" bev="0" fileid="1" />
              </SequencePoints>
              <BranchPoints />
            </Method>
          </Methods>
        </Class>
        <Class>
          <Summary numSequencePoints="13" visitedSequencePoints="13" numBranchPoints="0" visitedBranchPoints="0" sequenceCoverage="100.0" branchCoverage="0.0" maxCyclomaticComplexity="0" minCyclomaticComplexity="0" maxCrapScore="0" minCrapScore="0" visitedClasses="1" numClasses="1" visitedMethods="3" numMethods="3" />
          <FullName>CellView</FullName>
          <Methods>
            <Method visited="true" cyclomaticComplexity="0" nPathComplexity="0" sequenceCoverage="100.0" branchCoverage="0" crapScore="0" isConstructor="false" isStatic="false" isGetter="false" isSetter="false">
              <Summary numSequencePoints="7" visitedSequencePoints="7" numBranchPoints="0" visitedBranchPoints="0" sequenceCoverage="100.0" branchCoverage="0" maxCyclomaticComplexity="0" minCyclomaticComplexity="0" maxCrapScore="0" minCrapScore="0" visitedClasses="0" numClasses="0" visitedMethods="1" numMethods="1" />
              <MetadataToken>100663314</MetadataToken>
              <Name>System.Void CellView::Init(Cell)</Name>
              <FileRef uid="2" />
              <SequencePoints>
                <SequencePoint vc="2" uspid="809" ordinal="0" offset="0" sl="15" sc="5" el="15" ec="5" bec="0" bev="0" fileid="2" />
                <SequencePoint vc="2" uspid="810" ordinal="0" offset="1" sl="16" sc="9" el="16" ec="9" bec="0" bev="0" fileid="2" />
                <SequencePoint vc="2" uspid="811" ordinal="0" offset="8" sl="17" sc="9" el="17" ec="9" bec="0" bev="0" fileid="2" />
                <SequencePoint vc="2" uspid="812" ordinal="0" offset="32" sl="18" sc="9" el="18" ec="9" bec="0" bev="0" fileid="2" />
                <SequencePoint vc="2" uspid="813" ordinal="0" offset="56" sl="20" sc="9" el="20" ec="9" bec="0" bev="0" fileid="2" />
                <SequencePoint vc="2" uspid="814" ordinal="0" offset="69" sl="21" sc="9" el="21" ec="9" bec="0" bev="0" fileid="2" />
                <SequencePoint vc="2" uspid="815" ordinal="0" offset="95" sl="22" sc="5" el="22" ec="5" bec="0" bev="0" fileid="2" />
              </SequencePoints>
              <BranchPoints />
            </Method>
            <Method visited="true" cyclomaticComplexity="0" nPathComplexity="0" sequenceCoverage="100.0" branchCoverage="0" crapScore="0" isConstructor="false" isStatic="false" isGetter="false" isSetter="false">
              <Summary numSequencePoints="3" visitedSequencePoints="3" numBranchPoints="0" visitedBranchPoints="0" sequenceCoverage="100.0" branchCoverage="0" maxCyclomaticComplexity="0" minCyclomaticComplexity="0" maxCrapScore="0" minCrapScore="0" visitedClasses="0" numClasses="0" visitedMethods="1" numMethods="1" />
              <MetadataToken>100663315</MetadataToken>
              <Name>System.Void CellView::UpdateValue(System.Int32)</Name>
              <FileRef uid="2" />
              <SequencePoints>
                <SequencePoint vc="3" uspid="816" ordinal="0" offset="0" sl="25" sc="5" el="25" ec="5" bec="0" bev="0" fileid="2" />
                <SequencePoint vc="3" uspid="817" ordinal="0" offset="1" sl="26" sc="9" el="26" ec="9" bec="0" bev="0" fileid="2" />
                <SequencePoint vc="3" uspid="818" ordinal="0" offset="43" sl="27" sc="5" el="27" ec="5" bec="0" bev="0" fileid="2" />
              </SequencePoints>
              <BranchPoints />
            </Method>
            <Method visited="true" cyclomaticComplexity="0" nPathComplexity="0" sequenceCoverage="100.0" branchCoverage="0" crapScore="0" isConstructor="false" isStatic="false" isGetter="false" isSetter="false">
              <Summary numSequencePoints="3" visitedSequencePoints="3" numBranchPoints="0" visitedBranchPoints="0" sequenceCoverage="100.0" branchCoverage="0" maxCyclomaticComplexity="0" minCyclomaticComplexity="0" maxCrapScore="0" minCrapScore="0" visitedClasses="0" numClasses="0" visitedMethods="1" numMethods="1" />
              <MetadataToken>100663316</MetadataToken>
              <Name>System.Void CellView::UpdatePosition(UnityEngine.Vector2)</Name>
              <FileRef uid="2" />
              <SequencePoints>
                <SequencePoint vc="2" uspid="819" ordinal="0" offset="0" sl="30" sc="5" el="30" ec="5" bec="0" bev="0" fileid="2" />
                <SequencePoint vc="2" uspid="820" ordinal="0" offset="1" sl="31" sc="9" el="31" ec="9" bec="0" bev="0" fileid="2" />
                <SequencePoint vc="2" uspid="821" ordinal="0" offset="35" sl="32" sc="5" el="32" ec="5" bec="0" bev="0" fileid="2" />
              </SequencePoints>
              <BranchPoints />
            </Method>
          </Methods>
        </Class>
        <Class>
          <Summary numSequencePoints="6" visitedSequencePoints="6" numBranchPoints="0" visitedBranchPoints="0" sequenceCoverage="100.0" branchCoverage="0.0" maxCyclomaticComplexity="0" minCyclomaticComplexity="0" maxCrapScore="0" minCrapScore="0" visitedClasses="1" numClasses="1" visitedMethods="1" numMethods="1" />
          <FullName>ColorManager</FullName>
          <Methods>
            <Method visited="true" cyclomaticComplexity="0" nPathComplexity="0" sequenceCoverage="100.0" branchCoverage="0" crapScore="0" isConstructor="false" isStatic="false" isGetter="false" isSetter="false">
              <Summary numSequencePoints="6" visitedSequencePoints="6" numBranchPoints="0" visitedBranchPoints="0" sequenceCoverage="100.0" branchCoverage="0" maxCyclomaticComplexity="0" minCyclomaticComplexity="0" maxCrapScore="0" minCrapScore="0" visitedClasses="0" numClasses="0" visitedMethods="1" numMethods="1" />
              <MetadataToken>100663318</MetadataToken>
              <Name>System.Void ColorManager::Awake()</Name>
              <FileRef uid="3" />
              <SequencePoints>
                <SequencePoint vc="22" uspid="822" ordinal="0" offset="0" sl="13" sc="5" el="13" ec="5" bec="0" bev="0" fileid="3" />
                <SequencePoint vc="22" uspid="823" ordinal="0" offset="1" sl="14" sc="9" el="14" ec="9" bec="0" bev="0" fileid="3" />
                <SequencePoint vc="22" uspid="824" ordinal="0" offset="16" sl="14" sc="31" el="14" ec="31" bec="0" bev="0" fileid="3" />
                <SequencePoint vc="22" uspid="825" ordinal="0" offset="17" sl="15" sc="13" el="15" ec="13" bec="0" bev="0" fileid="3" />
                <SequencePoint vc="22" uspid="826" ordinal="0" offset="23" sl="16" sc="9" el="16" ec="9" bec="0" bev="0" fileid="3" />
                <SequencePoint vc="22" uspid="827" ordinal="0" offset="24" sl="17" sc="5" el="17" ec="5" bec="0" bev="0" fileid="3" />
              </SequencePoints>
              <BranchPoints />
            </Method>
          </Methods>
        </Class>
        <Class>
          <Summary numSequencePoints="38" visitedSequencePoints="38" numBranchPoints="0" visitedBranchPoints="0" sequenceCoverage="100.0" branchCoverage="0.0" maxCyclomaticComplexity="0" minCyclomaticComplexity="0" maxCrapScore="0" minCrapScore="0" visitedClasses="1" numClasses="1" visitedMethods="13" numMethods="13" />
          <FullName>GameController</FullName>
          <Methods>
            <Method visited="true" cyclomaticComplexity="0" nPathComplexity="0" sequenceCoverage="100.0" branchCoverage="0" crapScore="0" isConstructor="false" isStatic="true" isGetter="true" isSetter="false">
              <Summary numSequencePoints="1" visitedSequencePoints="1" numBranchPoints="0" visitedBranchPoints="0" sequenceCoverage="100.0" branchCoverage="0" maxCyclomaticComplexity="0" minCyclomaticComplexity="0" maxCrapScore="0" minCrapScore="0" visitedClasses="0" numClasses="0" visitedMethods="1" numMethods="1" />
              <MetadataToken>100663320</MetadataToken>
              <Name>static System.Int32 GameController::get_Points()</Name>
              <FileRef uid="4" />
              <SequencePoints>
                <SequencePoint vc="16" uspid="828" ordinal="0" offset="0" sl="7" sc="32" el="7" ec="32" bec="0" bev="0" fileid="4" />
              </SequencePoints>
              <BranchPoints />
            </Method>
            <Method visited="true" cyclomaticComplexity="0" nPathComplexity="0" sequenceCoverage="100.0" branchCoverage="0" crapScore="0" isConstructor="false" isStatic="true" isGetter="false" isSetter="true">
              <Summary numSequencePoints="1" visitedSequencePoints="1" numBranchPoints="0" visitedBranchPoints="0" sequenceCoverage="100.0" branchCoverage="0" maxCyclomaticComplexity="0" minCyclomaticComplexity="0" maxCrapScore="0" minCrapScore="0" visitedClasses="0" numClasses="0" visitedMethods="1" numMethods="1" />
              <MetadataToken>100663321</MetadataToken>
              <Name>static System.Void GameController::set_Points(System.Int32)</Name>
              <FileRef uid="4" />
              <SequencePoints>
                <SequencePoint vc="11" uspid="829" ordinal="0" offset="0" sl="7" sc="37" el="7" ec="37" bec="0" bev="0" fileid="4" />
              </SequencePoints>
              <BranchPoints />
            </Method>
            <Method visited="true" cyclomaticComplexity="0" nPathComplexity="0" sequenceCoverage="100.0" branchCoverage="0" crapScore="0" isConstructor="false" isStatic="true" isGetter="true" isSetter="false">
              <Summary numSequencePoints="1" visitedSequencePoints="1" numBranchPoints="0" visitedBranchPoints="0" sequenceCoverage="100.0" branchCoverage="0" maxCyclomaticComplexity="0" minCyclomaticComplexity="0" maxCrapScore="0" minCrapScore="0" visitedClasses="0" numClasses="0" visitedMethods="1" numMethods="1" />
              <MetadataToken>100663322</MetadataToken>
              <Name>static System.Boolean GameController::get_GameStarted()</Name>
              <FileRef uid="4" />
              <SequencePoints>
                <SequencePoint vc="10" uspid="830" ordinal="0" offset="0" sl="8" sc="38" el="8" ec="38" bec="0" bev="0" fileid="4" />
              </SequencePoints>
              <BranchPoints />
            </Method>
            <Method visited="true" cyclomaticComplexity="0" nPathComplexity="0" sequenceCoverage="100.0" branchCoverage="0" crapScore="0" isConstructor="false" isStatic="true" isGetter="false" isSetter="true">
              <Summary numSequencePoints="1" visitedSequencePoints="1" numBranchPoints="0" visitedBranchPoints="0" sequenceCoverage="100.0" branchCoverage="0" maxCyclomaticComplexity="0" minCyclomaticComplexity="0" maxCrapScore="0" minCrapScore="0" visitedClasses="0" numClasses="0" visitedMethods="1" numMethods="1" />
              <MetadataToken>100663323</MetadataToken>
              <Name>static System.Void GameController::set_GameStarted(System.Boolean)</Name>
              <FileRef uid="4" />
              <SequencePoints>
                <SequencePoint vc="11" uspid="831" ordinal="0" offset="0" sl="8" sc="43" el="8" ec="43" bec="0" bev="0" fileid="4" />
              </SequencePoints>
              <BranchPoints />
            </Method>
            <Method visited="true" cyclomaticComplexity="0" nPathComplexity="0" sequenceCoverage="100.0" branchCoverage="0" crapScore="0" isConstructor="false" isStatic="false" isGetter="false" isSetter="false">
              <Summary numSequencePoints="4" visitedSequencePoints="4" numBranchPoints="0" visitedBranchPoints="0" sequenceCoverage="100.0" branchCoverage="0" maxCyclomaticComplexity="0" minCyclomaticComplexity="0" maxCrapScore="0" minCrapScore="0" visitedClasses="0" numClasses="0" visitedMethods="1" numMethods="1" />
              <MetadataToken>100663324</MetadataToken>
              <Name>System.Void GameController::Awake()</Name>
              <FileRef uid="4" />
              <SequencePoints>
                <SequencePoint vc="20" uspid="832" ordinal="0" offset="0" sl="17" sc="5" el="17" ec="5" bec="0" bev="0" fileid="4" />
                <SequencePoint vc="20" uspid="833" ordinal="0" offset="1" sl="18" sc="9" el="18" ec="9" bec="0" bev="0" fileid="4" />
                <SequencePoint vc="20" uspid="834" ordinal="0" offset="16" sl="19" sc="13" el="19" ec="13" bec="0" bev="0" fileid="4" />
                <SequencePoint vc="20" uspid="835" ordinal="0" offset="22" sl="20" sc="5" el="20" ec="5" bec="0" bev="0" fileid="4" />
              </SequencePoints>
              <BranchPoints />
            </Method>
            <Method visited="true" cyclomaticComplexity="0" nPathComplexity="0" sequenceCoverage="100.0" branchCoverage="0" crapScore="0" isConstructor="false" isStatic="false" isGetter="false" isSetter="false">
              <Summary numSequencePoints="4" visitedSequencePoints="4" numBranchPoints="0" visitedBranchPoints="0" sequenceCoverage="100.0" branchCoverage="0" maxCyclomaticComplexity="0" minCyclomaticComplexity="0" maxCrapScore="0" minCrapScore="0" visitedClasses="0" numClasses="0" visitedMethods="1" numMethods="1" />
              <MetadataToken>100663326</MetadataToken>
              <Name>System.Void GameController::Win()</Name>
              <FileRef uid="4" />
              <SequencePoints>
                <SequencePoint vc="2" uspid="841" ordinal="0" offset="0" sl="74" sc="5" el="74" ec="5" bec="0" bev="0" fileid="4" />
                <SequencePoint vc="2" uspid="842" ordinal="0" offset="1" sl="75" sc="9" el="75" ec="9" bec="0" bev="0" fileid="4" />
                <SequencePoint vc="2" uspid="843" ordinal="0" offset="8" sl="76" sc="9" el="76" ec="9" bec="0" bev="0" fileid="4" />
                <SequencePoint vc="2" uspid="844" ordinal="0" offset="25" sl="89" sc="5" el="89" ec="5" bec="0" bev="0" fileid="4" />
              </SequencePoints>
              <BranchPoints />
            </Method>
            <Method visited="true" cyclomaticComplexity="0" nPathComplexity="0" sequenceCoverage="100.0" branchCoverage="0" crapScore="0" isConstructor="false" isStatic="false" isGetter="false" isSetter="false">
              <Summary numSequencePoints="4" visitedSequencePoints="4" numBranchPoints="0" visitedBranchPoints="0" sequenceCoverage="100.0" branchCoverage="0" maxCyclomaticComplexity="0" minCyclomaticComplexity="0" maxCrapScore="0" minCrapScore="0" visitedClasses="0" numClasses="0" visitedMethods="1" numMethods="1" />
              <MetadataToken>100663327</MetadataToken>
              <Name>System.Void GameController::Lose()</Name>
              <FileRef uid="4" />
              <SequencePoints>
                <SequencePoint vc="2" uspid="845" ordinal="0" offset="0" sl="92" sc="5" el="92" ec="5" bec="0" bev="0" fileid="4" />
                <SequencePoint vc="2" uspid="846" ordinal="0" offset="1" sl="93" sc="9" el="93" ec="9" bec="0" bev="0" fileid="4" />
                <SequencePoint vc="2" uspid="847" ordinal="0" offset="8" sl="94" sc="9" el="94" ec="9" bec="0" bev="0" fileid="4" />
                <SequencePoint vc="2" uspid="848" ordinal="0" offset="25" sl="95" sc="5" el="95" ec="5" bec="0" bev="0" fileid="4" />
              </SequencePoints>
              <BranchPoints />
            </Method>
            <Method visited="true" cyclomaticComplexity="0" nPathComplexity="0" sequenceCoverage="100.0" branchCoverage="0" crapScore="0" isConstructor="false" isStatic="false" isGetter="false" isSetter="false">
              <Summary numSequencePoints="6" visitedSequencePoints="6" numBranchPoints="0" visitedBranchPoints="0" sequenceCoverage="100.0" branchCoverage="0" maxCyclomaticComplexity="0" minCyclomaticComplexity="0" maxCrapScore="0" minCrapScore="0" visitedClasses="0" numClasses="0" visitedMethods="1" numMethods="1" />
              <MetadataToken>100663328</MetadataToken>
              <Name>System.Void GameController::StartGame()</Name>
              <FileRef uid="4" />
              <SequencePoints>
                <SequencePoint vc="2" uspid="849" ordinal="0" offset="0" sl="98" sc="5" el="98" ec="5" bec="0" bev="0" fileid="4" />
                <SequencePoint vc="2" uspid="850" ordinal="0" offset="1" sl="99" sc="9" el="99" ec="9" bec="0" bev="0" fileid="4" />
                <SequencePoint vc="2" uspid="851" ordinal="0" offset="18" sl="101" sc="9" el="101" ec="9" bec="0" bev="0" fileid="4" />
                <SequencePoint vc="2" uspid="852" ordinal="0" offset="26" sl="102" sc="9" el="102" ec="9" bec="0" bev="0" fileid="4" />
                <SequencePoint vc="2" uspid="853" ordinal="0" offset="33" sl="104" sc="9" el="104" ec="9" bec="0" bev="0" fileid="4" />
                <SequencePoint vc="2" uspid="854" ordinal="0" offset="44" sl="105" sc="5" el="105" ec="5" bec="0" bev="0" fileid="4" />
              </SequencePoints>
              <BranchPoints />
            </Method>
            <Method visited="true" cyclomaticComplexity="0" nPathComplexity="0" sequenceCoverage="100.0" branchCoverage="0" crapScore="0" isConstructor="false" isStatic="false" isGetter="false" isSetter="false">
              <Summary numSequencePoints="3" visitedSequencePoints="3" numBranchPoints="0" visitedBranchPoints="0" sequenceCoverage="100.0" branchCoverage="0" maxCyclomaticComplexity="0" minCyclomaticComplexity="0" maxCrapScore="0" minCrapScore="0" visitedClasses="0" numClasses="0" visitedMethods="1" numMethods="1" />
              <MetadataToken>100663329</MetadataToken>
              <Name>System.Void GameController::AddPoints(System.Int32)</Name>
              <FileRef uid="4" />
              <SequencePoints>
                <SequencePoint vc="5" uspid="855" ordinal="0" offset="0" sl="108" sc="5" el="108" ec="5" bec="0" bev="0" fileid="4" />
                <SequencePoint vc="5" uspid="856" ordinal="0" offset="1" sl="109" sc="9" el="109" ec="9" bec="0" bev="0" fileid="4" />
                <SequencePoint vc="5" uspid="857" ordinal="0" offset="15" sl="110" sc="5" el="110" ec="5" bec="0" bev="0" fileid="4" />
              </SequencePoints>
              <BranchPoints />
            </Method>
            <Method visited="true" cyclomaticComplexity="0" nPathComplexity="0" sequenceCoverage="100.0" branchCoverage="0" crapScore="0" isConstructor="false" isStatic="false" isGetter="false" isSetter="false">
              <Summary numSequencePoints="4" visitedSequencePoints="4" numBranchPoints="0" visitedBranchPoints="0" sequenceCoverage="100.0" branchCoverage="0" maxCyclomaticComplexity="0" minCyclomaticComplexity="0" maxCrapScore="0" minCrapScore="0" visitedClasses="0" numClasses="0" visitedMethods="1" numMethods="1" />
              <MetadataToken>100663330</MetadataToken>
              <Name>System.Void GameController::SetPoints(System.Int32)</Name>
              <FileRef uid="4" />
              <SequencePoints>
                <SequencePoint vc="7" uspid="858" ordinal="0" offset="0" sl="113" sc="5" el="113" ec="5" bec="0" bev="0" fileid="4" />
                <SequencePoint vc="7" uspid="859" ordinal="0" offset="1" sl="114" sc="9" el="114" ec="9" bec="0" bev="0" fileid="4" />
                <SequencePoint vc="7" uspid="860" ordinal="0" offset="8" sl="115" sc="9" el="115" ec="9" bec="0" bev="0" fileid="4" />
                <SequencePoint vc="7" uspid="861" ordinal="0" offset="33" sl="116" sc="5" el="116" ec="5" bec="0" bev="0" fileid="4" />
              </SequencePoints>
              <BranchPoints />
            </Method>
            <Method visited="true" cyclomaticComplexity="0" nPathComplexity="0" sequenceCoverage="100.0" branchCoverage="0" crapScore="0" isConstructor="false" isStatic="false" isGetter="false" isSetter="false">
              <Summary numSequencePoints="3" visitedSequencePoints="3" numBranchPoints="0" visitedBranchPoints="0" sequenceCoverage="100.0" branchCoverage="0" maxCyclomaticComplexity="0" minCyclomaticComplexity="0" maxCrapScore="0" minCrapScore="0" visitedClasses="0" numClasses="0" visitedMethods="1" numMethods="1" />
              <MetadataToken>100663332</MetadataToken>
              <Name>System.Void GameController::StopGame()</Name>
              <FileRef uid="4" />
              <SequencePoints>
                <SequencePoint vc="1" uspid="864" ordinal="0" offset="0" sl="123" sc="5" el="123" ec="5" bec="0" bev="0" fileid="4" />
                <SequencePoint vc="1" uspid="865" ordinal="0" offset="1" sl="124" sc="9" el="124" ec="9" bec="0" bev="0" fileid="4" />
                <SequencePoint vc="1" uspid="866" ordinal="0" offset="8" sl="125" sc="5" el="125" ec="5" bec="0" bev="0" fileid="4" />
              </SequencePoints>
              <BranchPoints />
            </Method>
            <Method visited="true" cyclomaticComplexity="0" nPathComplexity="0" sequenceCoverage="100.0" branchCoverage="0" crapScore="0" isConstructor="false" isStatic="true" isGetter="false" isSetter="false">
              <Summary numSequencePoints="3" visitedSequencePoints="3" numBranchPoints="0" visitedBranchPoints="0" sequenceCoverage="100.0" branchCoverage="0" maxCyclomaticComplexity="0" minCyclomaticComplexity="0" maxCrapScore="0" minCrapScore="0" visitedClasses="0" numClasses="0" visitedMethods="1" numMethods="1" />
              <MetadataToken>100663333</MetadataToken>
              <Name>static System.Void GameController::ResetPoints()</Name>
              <FileRef uid="4" />
              <SequencePoints>
                <SequencePoint vc="4" uspid="867" ordinal="0" offset="0" sl="128" sc="5" el="128" ec="5" bec="0" bev="0" fileid="4" />
                <SequencePoint vc="4" uspid="868" ordinal="0" offset="1" sl="129" sc="9" el="129" ec="9" bec="0" bev="0" fileid="4" />
                <SequencePoint vc="4" uspid="869" ordinal="0" offset="8" sl="130" sc="5" el="130" ec="5" bec="0" bev="0" fileid="4" />
              </SequencePoints>
              <BranchPoints />
            </Method>
            <Method visited="true" cyclomaticComplexity="0" nPathComplexity="0" sequenceCoverage="100.0" branchCoverage="0" crapScore="0" isConstructor="false" isStatic="true" isGetter="false" isSetter="false">
              <Summary numSequencePoints="3" visitedSequencePoints="3" numBranchPoints="0" visitedBranchPoints="0" sequenceCoverage="100.0" branchCoverage="0" maxCyclomaticComplexity="0" minCyclomaticComplexity="0" maxCrapScore="0" minCrapScore="0" visitedClasses="0" numClasses="0" visitedMethods="1" numMethods="1" />
              <MetadataToken>100663334</MetadataToken>
              <Name>static System.Void GameController::SetGameStarted(System.Boolean)</Name>
              <FileRef uid="4" />
              <SequencePoints>
                <SequencePoint vc="4" uspid="870" ordinal="0" offset="0" sl="133" sc="5" el="133" ec="5" bec="0" bev="0" fileid="4" />
                <SequencePoint vc="4" uspid="871" ordinal="0" offset="1" sl="134" sc="9" el="134" ec="9" bec="0" bev="0" fileid="4" />
                <SequencePoint vc="4" uspid="872" ordinal="0" offset="8" sl="135" sc="5" el="135" ec="5" bec="0" bev="0" fileid="4" />
              </SequencePoints>
              <BranchPoints />
            </Method>
          </Methods>
        </Class>
        <Class>
          <Summary numSequencePoints="192" visitedSequencePoints="190" numBranchPoints="0" visitedBranchPoints="0" sequenceCoverage="98.96" branchCoverage="0.0" maxCyclomaticComplexity="0" minCyclomaticComplexity="0" maxCrapScore="0" minCrapScore="0" visitedClasses="1" numClasses="1" visitedMethods="12" numMethods="12" />
          <FullName>GameField</FullName>
          <Methods>
            <Method visited="true" cyclomaticComplexity="0" nPathComplexity="0" sequenceCoverage="100.0" branchCoverage="0" crapScore="0" isConstructor="false" isStatic="false" isGetter="false" isSetter="false">
              <Summary numSequencePoints="6" visitedSequencePoints="6" numBranchPoints="0" visitedBranchPoints="0" sequenceCoverage="100.0" branchCoverage="0" maxCyclomaticComplexity="0" minCyclomaticComplexity="0" maxCrapScore="0" minCrapScore="0" visitedClasses="0" numClasses="0" visitedMethods="1" numMethods="1" />
              <MetadataToken>100663336</MetadataToken>
              <Name>System.Void GameField::Awake()</Name>
              <FileRef uid="5" />
              <SequencePoints>
                <SequencePoint vc="12" uspid="873" ordinal="0" offset="0" sl="25" sc="5" el="25" ec="5" bec="0" bev="0" fileid="5" />
                <SequencePoint vc="12" uspid="874" ordinal="0" offset="1" sl="26" sc="9" el="26" ec="9" bec="0" bev="0" fileid="5" />
                <SequencePoint vc="12" uspid="875" ordinal="0" offset="16" sl="27" sc="9" el="27" ec="9" bec="0" bev="0" fileid="5" />
                <SequencePoint vc="12" uspid="876" ordinal="0" offset="17" sl="28" sc="13" el="28" ec="13" bec="0" bev="0" fileid="5" />
                <SequencePoint vc="12" uspid="877" ordinal="0" offset="23" sl="29" sc="9" el="29" ec="9" bec="0" bev="0" fileid="5" />
                <SequencePoint vc="12" uspid="878" ordinal="0" offset="24" sl="30" sc="5" el="30" ec="5" bec="0" bev="0" fileid="5" />
              </SequencePoints>
              <BranchPoints />
            </Method>
            <Method visited="true" cyclomaticComplexity="0" nPathComplexity="0" sequenceCoverage="100.0" branchCoverage="0" crapScore="0" isConstructor="false" isStatic="false" isGetter="false" isSetter="false">
              <Summary numSequencePoints="22" visitedSequencePoints="22" numBranchPoints="0" visitedBranchPoints="0" sequenceCoverage="100.0" branchCoverage="0" maxCyclomaticComplexity="0" minCyclomaticComplexity="0" maxCrapScore="0" minCrapScore="0" visitedClasses="0" numClasses="0" visitedMethods="1" numMethods="1" />
              <MetadataToken>100663338</MetadataToken>
              <Name>System.Void GameField::CreateField()</Name>
              <FileRef uid="5" />
              <SequencePoints>
                <SequencePoint vc="10" uspid="882" ordinal="0" offset="0" sl="39" sc="5" el="39" ec="5" bec="0" bev="0" fileid="5" />
                <SequencePoint vc="10" uspid="883" ordinal="0" offset="1" sl="40" sc="9" el="40" ec="9" bec="0" bev="0" fileid="5" />
                <SequencePoint vc="10" uspid="884" ordinal="0" offset="24" sl="43" sc="9" el="43" ec="9" bec="0" bev="0" fileid="5" />
                <SequencePoint vc="10" uspid="885" ordinal="0" offset="53" sl="44" sc="9" el="44" ec="9" bec="0" bev="0" fileid="5" />
                <SequencePoint vc="10" uspid="886" ordinal="0" offset="72" sl="47" sc="9" el="47" ec="9" bec="0" bev="0" fileid="5" />
                <SequencePoint vc="10" uspid="887" ordinal="0" offset="101" sl="48" sc="9" el="48" ec="9" bec="0" bev="0" fileid="5" />
                <SequencePoint vc="10" uspid="888" ordinal="0" offset="129" sl="51" sc="14" el="51" ec="14" bec="0" bev="0" fileid="5" />
                <SequencePoint vc="40" uspid="889" ordinal="0" offset="136" sl="52" sc="9" el="52" ec="9" bec="0" bev="0" fileid="5" />
                <SequencePoint vc="40" uspid="890" ordinal="0" offset="137" sl="53" sc="18" el="53" ec="18" bec="0" bev="0" fileid="5" />
                <SequencePoint vc="160" uspid="891" ordinal="0" offset="142" sl="54" sc="13" el="54" ec="13" bec="0" bev="0" fileid="5" />
                <SequencePoint vc="160" uspid="892" ordinal="0" offset="143" sl="55" sc="17" el="55" ec="17" bec="0" bev="0" fileid="5" />
                <SequencePoint vc="160" uspid="893" ordinal="0" offset="163" sl="56" sc="17" el="56" ec="17" bec="0" bev="0" fileid="5" />
                <SequencePoint vc="160" uspid="894" ordinal="0" offset="207" sl="57" sc="17" el="57" ec="17" bec="0" bev="0" fileid="5" />
                <SequencePoint vc="160" uspid="895" ordinal="0" offset="227" sl="59" sc="17" el="59" ec="17" bec="0" bev="0" fileid="5" />
                <SequencePoint vc="160" uspid="896" ordinal="0" offset="243" sl="62" sc="17" el="62" ec="17" bec="0" bev="0" fileid="5" />
                <SequencePoint vc="160" uspid="897" ordinal="0" offset="255" sl="63" sc="13" el="63" ec="13" bec="0" bev="0" fileid="5" />
                <SequencePoint vc="160" uspid="898" ordinal="0" offset="256" sl="53" sc="44" el="53" ec="44" bec="0" bev="0" fileid="5" />
                <SequencePoint vc="200" uspid="899" ordinal="0" offset="262" sl="53" sc="29" el="53" ec="29" bec="0" bev="0" fileid="5" />
                <SequencePoint vc="40" uspid="900" ordinal="0" offset="281" sl="64" sc="9" el="64" ec="9" bec="0" bev="0" fileid="5" />
                <SequencePoint vc="40" uspid="901" ordinal="0" offset="282" sl="51" sc="40" el="51" ec="40" bec="0" bev="0" fileid="5" />
                <SequencePoint vc="50" uspid="902" ordinal="0" offset="286" sl="51" sc="25" el="51" ec="25" bec="0" bev="0" fileid="5" />
                <SequencePoint vc="10" uspid="903" ordinal="0" offset="304" sl="65" sc="5" el="65" ec="5" bec="0" bev="0" fileid="5" />
              </SequencePoints>
              <BranchPoints />
            </Method>
            <Method visited="true" cyclomaticComplexity="0" nPathComplexity="0" sequenceCoverage="100.0" branchCoverage="0" crapScore="0" isConstructor="false" isStatic="false" isGetter="false" isSetter="false">
              <Summary numSequencePoints="15" visitedSequencePoints="15" numBranchPoints="0" visitedBranchPoints="0" sequenceCoverage="100.0" branchCoverage="0" maxCyclomaticComplexity="0" minCyclomaticComplexity="0" maxCrapScore="0" minCrapScore="0" visitedClasses="0" numClasses="0" visitedMethods="1" numMethods="1" />
              <MetadataToken>100663339</MetadataToken>
              <Name>System.Void GameField::GenerateField()</Name>
              <FileRef uid="5" />
              <SequencePoints>
                <SequencePoint vc="10" uspid="904" ordinal="0" offset="0" sl="69" sc="5" el="69" ec="5" bec="0" bev="0" fileid="5" />
                <SequencePoint vc="10" uspid="905" ordinal="0" offset="1" sl="70" sc="9" el="70" ec="9" bec="0" bev="0" fileid="5" />
                <SequencePoint vc="10" uspid="906" ordinal="0" offset="14" sl="71" sc="13" el="71" ec="13" bec="0" bev="0" fileid="5" />
                <SequencePoint vc="10" uspid="907" ordinal="0" offset="21" sl="74" sc="14" el="74" ec="14" bec="0" bev="0" fileid="5" />
                <SequencePoint vc="40" uspid="908" ordinal="0" offset="25" sl="75" sc="18" el="75" ec="18" bec="0" bev="0" fileid="5" />
                <SequencePoint vc="160" uspid="909" ordinal="0" offset="29" sl="76" sc="17" el="76" ec="17" bec="0" bev="0" fileid="5" />
                <SequencePoint vc="160" uspid="910" ordinal="0" offset="51" sl="75" sc="44" el="75" ec="44" bec="0" bev="0" fileid="5" />
                <SequencePoint vc="200" uspid="911" ordinal="0" offset="55" sl="75" sc="29" el="75" ec="29" bec="0" bev="0" fileid="5" />
                <SequencePoint vc="40" uspid="912" ordinal="0" offset="68" sl="74" sc="40" el="74" ec="40" bec="0" bev="0" fileid="5" />
                <SequencePoint vc="50" uspid="913" ordinal="0" offset="72" sl="74" sc="25" el="74" ec="25" bec="0" bev="0" fileid="5" />
                <SequencePoint vc="10" uspid="914" ordinal="0" offset="87" sl="79" sc="14" el="79" ec="14" bec="0" bev="0" fileid="5" />
                <SequencePoint vc="20" uspid="915" ordinal="0" offset="92" sl="80" sc="13" el="80" ec="13" bec="0" bev="0" fileid="5" />
                <SequencePoint vc="20" uspid="916" ordinal="0" offset="99" sl="79" sc="45" el="79" ec="45" bec="0" bev="0" fileid="5" />
                <SequencePoint vc="30" uspid="917" ordinal="0" offset="105" sl="79" sc="25" el="79" ec="25" bec="0" bev="0" fileid="5" />
                <SequencePoint vc="10" uspid="918" ordinal="0" offset="121" sl="81" sc="5" el="81" ec="5" bec="0" bev="0" fileid="5" />
              </SequencePoints>
              <BranchPoints />
            </Method>
            <Method visited="true" cyclomaticComplexity="0" nPathComplexity="0" sequenceCoverage="100.0" branchCoverage="0" crapScore="0" isConstructor="false" isStatic="false" isGetter="false" isSetter="false">
              <Summary numSequencePoints="16" visitedSequencePoints="16" numBranchPoints="0" visitedBranchPoints="0" sequenceCoverage="100.0" branchCoverage="0" maxCyclomaticComplexity="0" minCyclomaticComplexity="0" maxCrapScore="0" minCrapScore="0" visitedClasses="0" numClasses="0" visitedMethods="1" numMethods="1" />
              <MetadataToken>100663340</MetadataToken>
              <Name>System.Void GameField::GenerateRandomCell()</Name>
              <FileRef uid="5" />
              <SequencePoints>
                <SequencePoint vc="4" uspid="919" ordinal="0" offset="0" sl="85" sc="5" el="85" ec="5" bec="0" bev="0" fileid="5" />
                <SequencePoint vc="4" uspid="920" ordinal="0" offset="1" sl="86" sc="9" el="86" ec="9" bec="0" bev="0" fileid="5" />
                <SequencePoint vc="4" uspid="921" ordinal="0" offset="7" sl="89" sc="14" el="89" ec="14" bec="0" bev="0" fileid="5" />
                <SequencePoint vc="16" uspid="922" ordinal="0" offset="11" sl="90" sc="18" el="90" ec="18" bec="0" bev="0" fileid="5" />
                <SequencePoint vc="64" uspid="923" ordinal="0" offset="16" sl="91" sc="17" el="91" ec="17" bec="0" bev="0" fileid="5" />
                <SequencePoint vc="43" uspid="924" ordinal="0" offset="41" sl="92" sc="21" el="92" ec="21" bec="0" bev="0" fileid="5" />
                <SequencePoint vc="64" uspid="925" ordinal="0" offset="62" sl="90" sc="44" el="90" ec="44" bec="0" bev="0" fileid="5" />
                <SequencePoint vc="80" uspid="926" ordinal="0" offset="68" sl="90" sc="29" el="90" ec="29" bec="0" bev="0" fileid="5" />
                <SequencePoint vc="16" uspid="927" ordinal="0" offset="84" sl="89" sc="40" el="89" ec="40" bec="0" bev="0" fileid="5" />
                <SequencePoint vc="20" uspid="928" ordinal="0" offset="88" sl="89" sc="25" el="89" ec="25" bec="0" bev="0" fileid="5" />
                <SequencePoint vc="4" uspid="929" ordinal="0" offset="103" sl="94" sc="9" el="94" ec="9" bec="0" bev="0" fileid="5" />
                <SequencePoint vc="1" uspid="930" ordinal="0" offset="118" sl="95" sc="13" el="95" ec="13" bec="0" bev="0" fileid="5" />
                <SequencePoint vc="3" uspid="931" ordinal="0" offset="129" sl="98" sc="9" el="98" ec="9" bec="0" bev="0" fileid="5" />
                <SequencePoint vc="3" uspid="932" ordinal="0" offset="146" sl="101" sc="9" el="101" ec="9" bec="0" bev="0" fileid="5" />
                <SequencePoint vc="3" uspid="933" ordinal="0" offset="165" sl="102" sc="9" el="102" ec="9" bec="0" bev="0" fileid="5" />
                <SequencePoint vc="3" uspid="934" ordinal="0" offset="185" sl="103" sc="5" el="103" ec="5" bec="0" bev="0" fileid="5" />
              </SequencePoints>
              <BranchPoints />
            </Method>
            <Method visited="true" cyclomaticComplexity="0" nPathComplexity="0" sequenceCoverage="90.48" branchCoverage="0" crapScore="0" isConstructor="false" isStatic="false" isGetter="false" isSetter="false">
              <Summary numSequencePoints="21" visitedSequencePoints="19" numBranchPoints="0" visitedBranchPoints="0" sequenceCoverage="90.48" branchCoverage="0" maxCyclomaticComplexity="0" minCyclomaticComplexity="0" maxCrapScore="0" minCrapScore="0" visitedClasses="0" numClasses="0" visitedMethods="1" numMethods="1" />
              <MetadataToken>100663341</MetadataToken>
              <Name>UnityEngine.Vector2 GameField::GetEmptyPosition()</Name>
              <FileRef uid="5" />
              <SequencePoints>
                <SequencePoint vc="20" uspid="935" ordinal="0" offset="0" sl="107" sc="5" el="107" ec="5" bec="0" bev="0" fileid="5" />
                <SequencePoint vc="20" uspid="936" ordinal="0" offset="1" sl="108" sc="9" el="108" ec="9" bec="0" bev="0" fileid="5" />
                <SequencePoint vc="20" uspid="937" ordinal="0" offset="7" sl="110" sc="14" el="110" ec="14" bec="0" bev="0" fileid="5" />
                <SequencePoint vc="80" uspid="938" ordinal="0" offset="11" sl="111" sc="9" el="111" ec="9" bec="0" bev="0" fileid="5" />
                <SequencePoint vc="80" uspid="939" ordinal="0" offset="12" sl="112" sc="18" el="112" ec="18" bec="0" bev="0" fileid="5" />
                <SequencePoint vc="320" uspid="940" ordinal="0" offset="16" sl="113" sc="13" el="113" ec="13" bec="0" bev="0" fileid="5" />
                <SequencePoint vc="320" uspid="941" ordinal="0" offset="17" sl="114" sc="17" el="114" ec="17" bec="0" bev="0" fileid="5" />
                <SequencePoint vc="310" uspid="942" ordinal="0" offset="39" sl="115" sc="17" el="115" ec="17" bec="0" bev="0" fileid="5" />
                <SequencePoint vc="310" uspid="943" ordinal="0" offset="40" sl="116" sc="21" el="116" ec="21" bec="0" bev="0" fileid="5" />
                <SequencePoint vc="310" uspid="944" ordinal="0" offset="56" sl="117" sc="17" el="117" ec="17" bec="0" bev="0" fileid="5" />
                <SequencePoint vc="320" uspid="945" ordinal="0" offset="57" sl="118" sc="13" el="118" ec="13" bec="0" bev="0" fileid="5" />
                <SequencePoint vc="320" uspid="946" ordinal="0" offset="58" sl="112" sc="44" el="112" ec="44" bec="0" bev="0" fileid="5" />
                <SequencePoint vc="400" uspid="947" ordinal="0" offset="62" sl="112" sc="29" el="112" ec="29" bec="0" bev="0" fileid="5" />
                <SequencePoint vc="80" uspid="948" ordinal="0" offset="77" sl="119" sc="9" el="119" ec="9" bec="0" bev="0" fileid="5" />
                <SequencePoint vc="80" uspid="949" ordinal="0" offset="78" sl="110" sc="40" el="110" ec="40" bec="0" bev="0" fileid="5" />
                <SequencePoint vc="100" uspid="950" ordinal="0" offset="82" sl="110" sc="25" el="110" ec="25" bec="0" bev="0" fileid="5" />
                <SequencePoint vc="20" uspid="951" ordinal="0" offset="97" sl="121" sc="9" el="121" ec="9" bec="0" bev="0" fileid="5" />
                <SequencePoint vc="0" uspid="952" ordinal="0" offset="112" sl="122" sc="9" el="122" ec="9" bec="0" bev="0" fileid="5" />
                <SequencePoint vc="0" uspid="953" ordinal="0" offset="113" sl="123" sc="13" el="123" ec="13" bec="0" bev="0" fileid="5" />
                <SequencePoint vc="20" uspid="954" ordinal="0" offset="124" sl="126" sc="9" el="126" ec="9" bec="0" bev="0" fileid="5" />
                <SequencePoint vc="20" uspid="955" ordinal="0" offset="146" sl="127" sc="5" el="127" ec="5" bec="0" bev="0" fileid="5" />
              </SequencePoints>
              <BranchPoints />
            </Method>
            <Method visited="true" cyclomaticComplexity="0" nPathComplexity="0" sequenceCoverage="100.0" branchCoverage="0" crapScore="0" isConstructor="false" isStatic="false" isGetter="false" isSetter="false">
              <Summary numSequencePoints="6" visitedSequencePoints="6" numBranchPoints="0" visitedBranchPoints="0" sequenceCoverage="100.0" branchCoverage="0" maxCyclomaticComplexity="0" minCyclomaticComplexity="0" maxCrapScore="0" minCrapScore="0" visitedClasses="0" numClasses="0" visitedMethods="1" numMethods="1" />
              <MetadataToken>100663342</MetadataToken>
              <Name>System.Void GameField::CreateCell()</Name>
              <FileRef uid="5" />
              <SequencePoints>
                <SequencePoint vc="20" uspid="956" ordinal="0" offset="0" sl="131" sc="5" el="131" ec="5" bec="0" bev="0" fileid="5" />
                <SequencePoint vc="20" uspid="957" ordinal="0" offset="1" sl="132" sc="9" el="132" ec="9" bec="0" bev="0" fileid="5" />
                <SequencePoint vc="20" uspid="958" ordinal="0" offset="8" sl="133" sc="9" el="133" ec="9" bec="0" bev="0" fileid="5" />
                <SequencePoint vc="20" uspid="959" ordinal="0" offset="23" sl="135" sc="9" el="135" ec="9" bec="0" bev="0" fileid="5" />
                <SequencePoint vc="20" uspid="960" ordinal="0" offset="49" sl="136" sc="9" el="136" ec="9" bec="0" bev="0" fileid="5" />
                <SequencePoint vc="20" uspid="961" ordinal="0" offset="71" sl="137" sc="5" el="137" ec="5" bec="0" bev="0" fileid="5" />
              </SequencePoints>
              <BranchPoints />
            </Method>
            <Method visited="true" cyclomaticComplexity="0" nPathComplexity="0" sequenceCoverage="100.0" branchCoverage="0" crapScore="0" isConstructor="false" isStatic="false" isGetter="false" isSetter="false">
              <Summary numSequencePoints="13" visitedSequencePoints="13" numBranchPoints="0" visitedBranchPoints="0" sequenceCoverage="100.0" branchCoverage="0" maxCyclomaticComplexity="0" minCyclomaticComplexity="0" maxCrapScore="0" minCrapScore="0" visitedClasses="0" numClasses="0" visitedMethods="1" numMethods="1" />
              <MetadataToken>100663343</MetadataToken>
              <Name>System.Void GameField::OnInput(UnityEngine.Vector2)</Name>
              <FileRef uid="5" />
              <SequencePoints>
                <SequencePoint vc="5" uspid="962" ordinal="0" offset="0" sl="141" sc="5" el="141" ec="5" bec="0" bev="0" fileid="5" />
                <SequencePoint vc="5" uspid="963" ordinal="0" offset="1" sl="142" sc="9" el="142" ec="9" bec="0" bev="0" fileid="5" />
                <SequencePoint vc="1" uspid="964" ordinal="0" offset="13" sl="143" sc="9" el="143" ec="9" bec="0" bev="0" fileid="5" />
                <SequencePoint vc="1" uspid="965" ordinal="0" offset="14" sl="144" sc="13" el="144" ec="13" bec="0" bev="0" fileid="5" />
                <SequencePoint vc="4" uspid="966" ordinal="0" offset="16" sl="147" sc="9" el="147" ec="9" bec="0" bev="0" fileid="5" />
                <SequencePoint vc="4" uspid="967" ordinal="0" offset="23" sl="148" sc="9" el="148" ec="9" bec="0" bev="0" fileid="5" />
                <SequencePoint vc="4" uspid="968" ordinal="0" offset="30" sl="150" sc="9" el="150" ec="9" bec="0" bev="0" fileid="5" />
                <SequencePoint vc="4" uspid="969" ordinal="0" offset="38" sl="152" sc="9" el="152" ec="9" bec="0" bev="0" fileid="5" />
                <SequencePoint vc="3" uspid="970" ordinal="0" offset="48" sl="153" sc="9" el="153" ec="9" bec="0" bev="0" fileid="5" />
                <SequencePoint vc="3" uspid="971" ordinal="0" offset="49" sl="154" sc="13" el="154" ec="13" bec="0" bev="0" fileid="5" />
                <SequencePoint vc="3" uspid="972" ordinal="0" offset="56" sl="155" sc="9" el="155" ec="9" bec="0" bev="0" fileid="5" />
                <SequencePoint vc="4" uspid="973" ordinal="0" offset="57" sl="156" sc="9" el="156" ec="9" bec="0" bev="0" fileid="5" />
                <SequencePoint vc="5" uspid="974" ordinal="0" offset="64" sl="157" sc="5" el="157" ec="5" bec="0" bev="0" fileid="5" />
              </SequencePoints>
              <BranchPoints />
            </Method>
            <Method visited="true" cyclomaticComplexity="0" nPathComplexity="0" sequenceCoverage="100.0" branchCoverage="0" crapScore="0" isConstructor="false" isStatic="false" isGetter="false" isSetter="false">
              <Summary numSequencePoints="29" visitedSequencePoints="29" numBranchPoints="0" visitedBranchPoints="0" sequenceCoverage="100.0" branchCoverage="0" maxCyclomaticComplexity="0" minCyclomaticComplexity="0" maxCrapScore="0" minCrapScore="0" visitedClasses="0" numClasses="0" visitedMethods="1" numMethods="1" />
              <MetadataToken>100663344</MetadataToken>
              <Name>System.Void GameField::Move(UnityEngine.Vector2)</Name>
              <FileRef uid="5" />
              <SequencePoints>
                <SequencePoint vc="4" uspid="975" ordinal="0" offset="0" sl="161" sc="5" el="161" ec="5" bec="0" bev="0" fileid="5" />
                <SequencePoint vc="4" uspid="976" ordinal="0" offset="1" sl="162" sc="9" el="162" ec="9" bec="0" bev="0" fileid="5" />
                <SequencePoint vc="4" uspid="977" ordinal="0" offset="39" sl="163" sc="9" el="163" ec="9" bec="0" bev="0" fileid="5" />
                <SequencePoint vc="4" uspid="978" ordinal="0" offset="70" sl="165" sc="14" el="165" ec="14" bec="0" bev="0" fileid="5" />
                <SequencePoint vc="16" uspid="979" ordinal="0" offset="77" sl="166" sc="9" el="166" ec="9" bec="0" bev="0" fileid="5" />
                <SequencePoint vc="16" uspid="980" ordinal="0" offset="78" sl="167" sc="18" el="167" ec="18" bec="0" bev="0" fileid="5" />
                <SequencePoint vc="64" uspid="981" ordinal="0" offset="85" sl="168" sc="13" el="168" ec="13" bec="0" bev="0" fileid="5" />
                <SequencePoint vc="64" uspid="982" ordinal="0" offset="86" sl="169" sc="17" el="169" ec="17" bec="0" bev="0" fileid="5" />
                <SequencePoint vc="64" uspid="983" ordinal="0" offset="129" sl="171" sc="17" el="171" ec="17" bec="0" bev="0" fileid="5" />
                <SequencePoint vc="42" uspid="984" ordinal="0" offset="142" sl="171" sc="35" el="171" ec="35" bec="0" bev="0" fileid="5" />
                <SequencePoint vc="22" uspid="985" ordinal="0" offset="144" sl="173" sc="17" el="173" ec="17" bec="0" bev="0" fileid="5" />
                <SequencePoint vc="22" uspid="986" ordinal="0" offset="155" sl="174" sc="17" el="174" ec="17" bec="0" bev="0" fileid="5" />
                <SequencePoint vc="1" uspid="987" ordinal="0" offset="169" sl="175" sc="17" el="175" ec="17" bec="0" bev="0" fileid="5" />
                <SequencePoint vc="1" uspid="988" ordinal="0" offset="170" sl="176" sc="21" el="176" ec="21" bec="0" bev="0" fileid="5" />
                <SequencePoint vc="1" uspid="989" ordinal="0" offset="180" sl="177" sc="21" el="177" ec="21" bec="0" bev="0" fileid="5" />
                <SequencePoint vc="1" uspid="990" ordinal="0" offset="187" sl="179" sc="21" el="179" ec="21" bec="0" bev="0" fileid="5" />
                <SequencePoint vc="21" uspid="991" ordinal="0" offset="189" sl="182" sc="17" el="182" ec="17" bec="0" bev="0" fileid="5" />
                <SequencePoint vc="21" uspid="992" ordinal="0" offset="200" sl="183" sc="17" el="183" ec="17" bec="0" bev="0" fileid="5" />
                <SequencePoint vc="2" uspid="993" ordinal="0" offset="214" sl="184" sc="17" el="184" ec="17" bec="0" bev="0" fileid="5" />
                <SequencePoint vc="2" uspid="994" ordinal="0" offset="215" sl="185" sc="21" el="185" ec="21" bec="0" bev="0" fileid="5" />
                <SequencePoint vc="2" uspid="995" ordinal="0" offset="225" sl="186" sc="21" el="186" ec="21" bec="0" bev="0" fileid="5" />
                <SequencePoint vc="2" uspid="996" ordinal="0" offset="232" sl="187" sc="17" el="187" ec="17" bec="0" bev="0" fileid="5" />
                <SequencePoint vc="21" uspid="997" ordinal="0" offset="233" sl="188" sc="13" el="188" ec="13" bec="0" bev="0" fileid="5" />
                <SequencePoint vc="64" uspid="998" ordinal="0" offset="234" sl="167" sc="60" el="167" ec="60" bec="0" bev="0" fileid="5" />
                <SequencePoint vc="80" uspid="999" ordinal="0" offset="238" sl="167" sc="35" el="167" ec="35" bec="0" bev="0" fileid="5" />
                <SequencePoint vc="16" uspid="1000" ordinal="0" offset="263" sl="189" sc="9" el="189" ec="9" bec="0" bev="0" fileid="5" />
                <SequencePoint vc="16" uspid="1001" ordinal="0" offset="264" sl="165" sc="40" el="165" ec="40" bec="0" bev="0" fileid="5" />
                <SequencePoint vc="20" uspid="1002" ordinal="0" offset="268" sl="165" sc="25" el="165" ec="25" bec="0" bev="0" fileid="5" />
                <SequencePoint vc="4" uspid="1003" ordinal="0" offset="286" sl="190" sc="5" el="190" ec="5" bec="0" bev="0" fileid="5" />
              </SequencePoints>
              <BranchPoints />
            </Method>
            <Method visited="true" cyclomaticComplexity="0" nPathComplexity="0" sequenceCoverage="100.0" branchCoverage="0" crapScore="0" isConstructor="false" isStatic="false" isGetter="false" isSetter="false">
              <Summary numSequencePoints="16" visitedSequencePoints="16" numBranchPoints="0" visitedBranchPoints="0" sequenceCoverage="100.0" branchCoverage="0" maxCyclomaticComplexity="0" minCyclomaticComplexity="0" maxCrapScore="0" minCrapScore="0" visitedClasses="0" numClasses="0" visitedMethods="1" numMethods="1" />
              <MetadataToken>100663345</MetadataToken>
              <Name>Cell GameField::FindCellToMerge(Cell, UnityEngine.Vector2)</Name>
              <FileRef uid="5" />
              <SequencePoints>
                <SequencePoint vc="206" uspid="1004" ordinal="0" offset="0" sl="194" sc="5" el="194" ec="5" bec="0" bev="0" fileid="5" />
                <SequencePoint vc="206" uspid="1005" ordinal="0" offset="1" sl="195" sc="9" el="195" ec="9" bec="0" bev="0" fileid="5" />
                <SequencePoint vc="206" uspid="1006" ordinal="0" offset="16" sl="196" sc="9" el="196" ec="9" bec="0" bev="0" fileid="5" />
                <SequencePoint vc="206" uspid="1007" ordinal="0" offset="31" sl="198" sc="14" el="198" ec="14" bec="0" bev="0" fileid="5" />
                <SequencePoint vc="206" uspid="1008" ordinal="0" offset="33" sl="198" sc="30" el="198" ec="30" bec="0" bev="0" fileid="5" />
                <SequencePoint vc="238" uspid="1009" ordinal="0" offset="37" sl="200" sc="9" el="200" ec="9" bec="0" bev="0" fileid="5" />
                <SequencePoint vc="238" uspid="1010" ordinal="0" offset="38" sl="201" sc="13" el="201" ec="13" bec="0" bev="0" fileid="5" />
                <SequencePoint vc="155" uspid="1011" ordinal="0" offset="62" sl="202" sc="17" el="202" ec="17" bec="0" bev="0" fileid="5" />
                <SequencePoint vc="83" uspid="1012" ordinal="0" offset="64" sl="203" sc="13" el="203" ec="13" bec="0" bev="0" fileid="5" />
                <SequencePoint vc="1" uspid="1013" ordinal="0" offset="120" sl="204" sc="17" el="204" ec="17" bec="0" bev="0" fileid="5" />
                <SequencePoint vc="82" uspid="1014" ordinal="0" offset="137" sl="205" sc="13" el="205" ec="13" bec="0" bev="0" fileid="5" />
                <SequencePoint vc="155" uspid="1015" ordinal="0" offset="139" sl="199" sc="28" el="199" ec="28" bec="0" bev="0" fileid="5" />
                <SequencePoint vc="155" uspid="1016" ordinal="0" offset="149" sl="199" sc="51" el="199" ec="51" bec="0" bev="0" fileid="5" />
                <SequencePoint vc="361" uspid="1017" ordinal="0" offset="159" sl="198" sc="42" el="198" ec="42" bec="0" bev="0" fileid="5" />
                <SequencePoint vc="205" uspid="1018" ordinal="0" offset="197" sl="207" sc="9" el="207" ec="9" bec="0" bev="0" fileid="5" />
                <SequencePoint vc="206" uspid="1019" ordinal="0" offset="202" sl="208" sc="5" el="208" ec="5" bec="0" bev="0" fileid="5" />
              </SequencePoints>
              <BranchPoints />
            </Method>
            <Method visited="true" cyclomaticComplexity="0" nPathComplexity="0" sequenceCoverage="100.0" branchCoverage="0" crapScore="0" isConstructor="false" isStatic="false" isGetter="false" isSetter="false">
              <Summary numSequencePoints="16" visitedSequencePoints="16" numBranchPoints="0" visitedBranchPoints="0" sequenceCoverage="100.0" branchCoverage="0" maxCyclomaticComplexity="0" minCyclomaticComplexity="0" maxCrapScore="0" minCrapScore="0" visitedClasses="0" numClasses="0" visitedMethods="1" numMethods="1" />
              <MetadataToken>100663346</MetadataToken>
              <Name>Cell GameField::FindEmptyCell(Cell, UnityEngine.Vector2)</Name>
              <FileRef uid="5" />
              <SequencePoints>
                <SequencePoint vc="21" uspid="1020" ordinal="0" offset="0" sl="212" sc="5" el="212" ec="5" bec="0" bev="0" fileid="5" />
                <SequencePoint vc="21" uspid="1021" ordinal="0" offset="1" sl="213" sc="9" el="213" ec="9" bec="0" bev="0" fileid="5" />
                <SequencePoint vc="21" uspid="1022" ordinal="0" offset="3" sl="214" sc="9" el="214" ec="9" bec="0" bev="0" fileid="5" />
                <SequencePoint vc="21" uspid="1023" ordinal="0" offset="18" sl="215" sc="9" el="215" ec="9" bec="0" bev="0" fileid="5" />
                <SequencePoint vc="21" uspid="1024" ordinal="0" offset="33" sl="216" sc="14" el="216" ec="14" bec="0" bev="0" fileid="5" />
                <SequencePoint vc="21" uspid="1025" ordinal="0" offset="35" sl="216" sc="30" el="216" ec="30" bec="0" bev="0" fileid="5" />
                <SequencePoint vc="17" uspid="1026" ordinal="0" offset="40" sl="218" sc="9" el="218" ec="9" bec="0" bev="0" fileid="5" />
                <SequencePoint vc="17" uspid="1027" ordinal="0" offset="41" sl="219" sc="13" el="219" ec="13" bec="0" bev="0" fileid="5" />
                <SequencePoint vc="5" uspid="1028" ordinal="0" offset="66" sl="220" sc="17" el="220" ec="17" bec="0" bev="0" fileid="5" />
                <SequencePoint vc="12" uspid="1029" ordinal="0" offset="83" sl="222" sc="17" el="222" ec="17" bec="0" bev="0" fileid="5" />
                <SequencePoint vc="5" uspid="1030" ordinal="0" offset="85" sl="223" sc="9" el="223" ec="9" bec="0" bev="0" fileid="5" />
                <SequencePoint vc="5" uspid="1031" ordinal="0" offset="86" sl="217" sc="28" el="217" ec="28" bec="0" bev="0" fileid="5" />
                <SequencePoint vc="5" uspid="1032" ordinal="0" offset="96" sl="217" sc="51" el="217" ec="51" bec="0" bev="0" fileid="5" />
                <SequencePoint vc="26" uspid="1033" ordinal="0" offset="108" sl="216" sc="42" el="216" ec="42" bec="0" bev="0" fileid="5" />
                <SequencePoint vc="21" uspid="1034" ordinal="0" offset="145" sl="224" sc="9" el="224" ec="9" bec="0" bev="0" fileid="5" />
                <SequencePoint vc="21" uspid="1035" ordinal="0" offset="150" sl="225" sc="5" el="225" ec="5" bec="0" bev="0" fileid="5" />
              </SequencePoints>
              <BranchPoints />
            </Method>
            <Method visited="true" cyclomaticComplexity="0" nPathComplexity="0" sequenceCoverage="100.0" branchCoverage="0" crapScore="0" isConstructor="false" isStatic="false" isGetter="false" isSetter="false">
              <Summary numSequencePoints="23" visitedSequencePoints="23" numBranchPoints="0" visitedBranchPoints="0" sequenceCoverage="100.0" branchCoverage="0" maxCyclomaticComplexity="0" minCyclomaticComplexity="0" maxCrapScore="0" minCrapScore="0" visitedClasses="0" numClasses="0" visitedMethods="1" numMethods="1" />
              <MetadataToken>100663347</MetadataToken>
              <Name>System.Void GameField::CheckGameResult()</Name>
              <FileRef uid="5" />
              <SequencePoints>
                <SequencePoint vc="4" uspid="1036" ordinal="0" offset="0" sl="229" sc="5" el="229" ec="5" bec="0" bev="0" fileid="5" />
                <SequencePoint vc="4" uspid="1037" ordinal="0" offset="1" sl="230" sc="9" el="230" ec="9" bec="0" bev="0" fileid="5" />
                <SequencePoint vc="4" uspid="1038" ordinal="0" offset="3" sl="231" sc="14" el="231" ec="14" bec="0" bev="0" fileid="5" />
                <SequencePoint vc="13" uspid="1039" ordinal="0" offset="10" sl="232" sc="9" el="232" ec="9" bec="0" bev="0" fileid="5" />
                <SequencePoint vc="13" uspid="1040" ordinal="0" offset="11" sl="233" sc="18" el="233" ec="18" bec="0" bev="0" fileid="5" />
                <SequencePoint vc="49" uspid="1041" ordinal="0" offset="18" sl="234" sc="13" el="234" ec="13" bec="0" bev="0" fileid="5" />
                <SequencePoint vc="49" uspid="1042" ordinal="0" offset="19" sl="235" sc="17" el="235" ec="17" bec="0" bev="0" fileid="5" />
                <SequencePoint vc="1" uspid="1043" ordinal="0" offset="45" sl="236" sc="17" el="236" ec="17" bec="0" bev="0" fileid="5" />
                <SequencePoint vc="1" uspid="1044" ordinal="0" offset="46" sl="237" sc="21" el="237" ec="21" bec="0" bev="0" fileid="5" />
                <SequencePoint vc="1" uspid="1045" ordinal="0" offset="57" sl="238" sc="21" el="238" ec="21" bec="0" bev="0" fileid="5" />
                <SequencePoint vc="48" uspid="1046" ordinal="0" offset="62" sl="241" sc="17" el="241" ec="17" bec="0" bev="0" fileid="5" />
                <SequencePoint vc="2" uspid="1047" ordinal="0" offset="216" sl="246" sc="17" el="246" ec="17" bec="0" bev="0" fileid="5" />
                <SequencePoint vc="2" uspid="1048" ordinal="0" offset="217" sl="247" sc="21" el="247" ec="21" bec="0" bev="0" fileid="5" />
                <SequencePoint vc="2" uspid="1049" ordinal="0" offset="219" sl="248" sc="17" el="248" ec="17" bec="0" bev="0" fileid="5" />
                <SequencePoint vc="48" uspid="1050" ordinal="0" offset="220" sl="249" sc="13" el="249" ec="13" bec="0" bev="0" fileid="5" />
                <SequencePoint vc="48" uspid="1051" ordinal="0" offset="221" sl="233" sc="44" el="233" ec="44" bec="0" bev="0" fileid="5" />
                <SequencePoint vc="61" uspid="1052" ordinal="0" offset="225" sl="233" sc="29" el="233" ec="29" bec="0" bev="0" fileid="5" />
                <SequencePoint vc="12" uspid="1053" ordinal="0" offset="243" sl="250" sc="9" el="250" ec="9" bec="0" bev="0" fileid="5" />
                <SequencePoint vc="12" uspid="1054" ordinal="0" offset="244" sl="231" sc="40" el="231" ec="40" bec="0" bev="0" fileid="5" />
                <SequencePoint vc="16" uspid="1055" ordinal="0" offset="248" sl="231" sc="25" el="231" ec="25" bec="0" bev="0" fileid="5" />
                <SequencePoint vc="3" uspid="1056" ordinal="0" offset="266" sl="251" sc="9" el="251" ec="9" bec="0" bev="0" fileid="5" />
                <SequencePoint vc="1" uspid="1057" ordinal="0" offset="273" sl="252" sc="13" el="252" ec="13" bec="0" bev="0" fileid="5" />
                <SequencePoint vc="4" uspid="1058" ordinal="0" offset="284" sl="253" sc="5" el="253" ec="5" bec="0" bev="0" fileid="5" />
              </SequencePoints>
              <BranchPoints />
            </Method>
            <Method visited="true" cyclomaticComplexity="0" nPathComplexity="0" sequenceCoverage="100.0" branchCoverage="0" crapScore="0" isConstructor="false" isStatic="false" isGetter="false" isSetter="false">
              <Summary numSequencePoints="9" visitedSequencePoints="9" numBranchPoints="0" visitedBranchPoints="0" sequenceCoverage="100.0" branchCoverage="0" maxCyclomaticComplexity="0" minCyclomaticComplexity="0" maxCrapScore="0" minCrapScore="0" visitedClasses="0" numClasses="0" visitedMethods="1" numMethods="1" />
[...]
                <SequencePoint vc="1" uspid="1442" ordinal="0" offset="1" sl="190" sc="9" el="190" ec="9" bec="0" bev="0" fileid="11" />
                <SequencePoint vc="1" uspid="1443" ordinal="0" offset="8" sl="191" sc="9" el="191" ec="9" bec="0" bev="0" fileid="11" />
                <SequencePoint vc="1" uspid="1444" ordinal="0" offset="20" sl="194" sc="9" el="194" ec="9" bec="0" bev="0" fileid="11" />
                <SequencePoint vc="1" uspid="1445" ordinal="0" offset="27" sl="195" sc="9" el="195" ec="9" bec="0" bev="0" fileid="11" />
                <SequencePoint vc="1" uspid="1446" ordinal="0" offset="45" sl="199" sc="9" el="199" ec="9" bec="0" bev="0" fileid="11" />
                <SequencePoint vc="1" uspid="1447" ordinal="0" offset="62" sl="202" sc="9" el="202" ec="9" bec="0" bev="0" fileid="11" />
                <SequencePoint vc="1" uspid="1448" ordinal="0" offset="88" sl="203" sc="5" el="203" ec="5" bec="0" bev="0" fileid="11" />
              </SequencePoints>
              <BranchPoints />
            </Method>
            <Method visited="true" cyclomaticComplexity="0" nPathComplexity="0" sequenceCoverage="100.0" branchCoverage="0" crapScore="0" isConstructor="false" isStatic="false" isGetter="false" isSetter="false">
              <Summary numSequencePoints="7" visitedSequencePoints="7" numBranchPoints="0" visitedBranchPoints="0" sequenceCoverage="100.0" branchCoverage="0" maxCyclomaticComplexity="0" minCyclomaticComplexity="0" maxCrapScore="0" minCrapScore="0" visitedClasses="0" numClasses="0" visitedMethods="1" numMethods="1" />
              <MetadataToken>100663331</MetadataToken>
              <Name>System.Void GameFieldTests::CheckGameResult_ShouldTriggerLoseIfNoMovesLeft()</Name>
              <FileRef uid="11" />
              <SequencePoints>
                <SequencePoint vc="1" uspid="1449" ordinal="0" offset="0" sl="207" sc="5" el="207" ec="5" bec="0" bev="0" fileid="11" />
                <SequencePoint vc="1" uspid="1450" ordinal="0" offset="1" sl="208" sc="9" el="208" ec="9" bec="0" bev="0" fileid="11" />
                <SequencePoint vc="1" uspid="1451" ordinal="0" offset="8" sl="209" sc="9" el="209" ec="9" bec="0" bev="0" fileid="11" />
                <SequencePoint vc="1" uspid="1452" ordinal="0" offset="20" sl="212" sc="9" el="212" ec="9" bec="0" bev="0" fileid="11" />
                <SequencePoint vc="1" uspid="1453" ordinal="0" offset="27" sl="215" sc="9" el="215" ec="9" bec="0" bev="0" fileid="11" />
                <SequencePoint vc="1" uspid="1454" ordinal="0" offset="44" sl="218" sc="9" el="218" ec="9" bec="0" bev="0" fileid="11" />
                <SequencePoint vc="1" uspid="1455" ordinal="0" offset="70" sl="219" sc="5" el="219" ec="5" bec="0" bev="0" fileid="11" />
              </SequencePoints>
              <BranchPoints />
            </Method>
            <Method visited="true" cyclomaticComplexity="0" nPathComplexity="0" sequenceCoverage="100.0" branchCoverage="0" crapScore="0" isConstructor="false" isStatic="false" isGetter="false" isSetter="false">
              <Summary numSequencePoints="6" visitedSequencePoints="6" numBranchPoints="0" visitedBranchPoints="0" sequenceCoverage="100.0" branchCoverage="0" maxCyclomaticComplexity="0" minCyclomaticComplexity="0" maxCrapScore="0" minCrapScore="0" visitedClasses="0" numClasses="0" visitedMethods="1" numMethods="1" />
              <MetadataToken>100663332</MetadataToken>
              <Name>System.Void GameFieldTests::GenerateRandomCell_ShouldThrowExceptionIfNoEmptyCell()</Name>
              <FileRef uid="11" />
              <SequencePoints>
                <SequencePoint vc="1" uspid="1456" ordinal="0" offset="0" sl="223" sc="5" el="223" ec="5" bec="0" bev="0" fileid="11" />
                <SequencePoint vc="1" uspid="1457" ordinal="0" offset="1" sl="224" sc="9" el="224" ec="9" bec="0" bev="0" fileid="11" />
                <SequencePoint vc="1" uspid="1458" ordinal="0" offset="13" sl="225" sc="9" el="225" ec="9" bec="0" bev="0" fileid="11" />
                <SequencePoint vc="1" uspid="1459" ordinal="0" offset="20" sl="227" sc="9" el="227" ec="9" bec="0" bev="0" fileid="11" />
                <SequencePoint vc="1" uspid="1460" ordinal="0" offset="33" sl="233" sc="9" el="233" ec="9" bec="0" bev="0" fileid="11" />
                <SequencePoint vc="1" uspid="1461" ordinal="0" offset="90" sl="236" sc="5" el="236" ec="5" bec="0" bev="0" fileid="11" />
              </SequencePoints>
              <BranchPoints />
            </Method>
            <Method visited="true" cyclomaticComplexity="0" nPathComplexity="0" sequenceCoverage="100.0" branchCoverage="0" crapScore="0" isConstructor="false" isStatic="false" isGetter="false" isSetter="false">
              <Summary numSequencePoints="17" visitedSequencePoints="17" numBranchPoints="0" visitedBranchPoints="0" sequenceCoverage="100.0" branchCoverage="0" maxCyclomaticComplexity="0" minCyclomaticComplexity="0" maxCrapScore="0" minCrapScore="0" visitedClasses="0" numClasses="0" visitedMethods="1" numMethods="1" />
              <MetadataToken>100663333</MetadataToken>
              <Name>System.Int32 GameFieldTests::CountNotEmptyCells()</Name>
              <FileRef uid="11" />
              <SequencePoints>
                <SequencePoint vc="5" uspid="1462" ordinal="0" offset="0" sl="239" sc="5" el="239" ec="5" bec="0" bev="0" fileid="11" />
                <SequencePoint vc="5" uspid="1463" ordinal="0" offset="1" sl="240" sc="9" el="240" ec="9" bec="0" bev="0" fileid="11" />
                <SequencePoint vc="5" uspid="1464" ordinal="0" offset="3" sl="241" sc="9" el="241" ec="9" bec="0" bev="0" fileid="11" />
                <SequencePoint vc="5" uspid="1465" ordinal="0" offset="10" sl="242" sc="14" el="242" ec="14" bec="0" bev="0" fileid="11" />
                <SequencePoint vc="20" uspid="1466" ordinal="0" offset="14" sl="243" sc="9" el="243" ec="9" bec="0" bev="0" fileid="11" />
                <SequencePoint vc="20" uspid="1467" ordinal="0" offset="15" sl="244" sc="18" el="244" ec="18" bec="0" bev="0" fileid="11" />
                <SequencePoint vc="80" uspid="1468" ordinal="0" offset="19" sl="245" sc="13" el="245" ec="13" bec="0" bev="0" fileid="11" />
                <SequencePoint vc="80" uspid="1469" ordinal="0" offset="20" sl="246" sc="17" el="246" ec="17" bec="0" bev="0" fileid="11" />
                <SequencePoint vc="9" uspid="1470" ordinal="0" offset="42" sl="246" sc="48" el="246" ec="48" bec="0" bev="0" fileid="11" />
                <SequencePoint vc="80" uspid="1471" ordinal="0" offset="46" sl="247" sc="13" el="247" ec="13" bec="0" bev="0" fileid="11" />
                <SequencePoint vc="80" uspid="1472" ordinal="0" offset="47" sl="244" sc="54" el="244" ec="54" bec="0" bev="0" fileid="11" />
                <SequencePoint vc="100" uspid="1473" ordinal="0" offset="51" sl="244" sc="29" el="244" ec="29" bec="0" bev="0" fileid="11" />
                <SequencePoint vc="20" uspid="1474" ordinal="0" offset="71" sl="248" sc="9" el="248" ec="9" bec="0" bev="0" fileid="11" />
                <SequencePoint vc="20" uspid="1475" ordinal="0" offset="72" sl="242" sc="50" el="242" ec="50" bec="0" bev="0" fileid="11" />
                <SequencePoint vc="25" uspid="1476" ordinal="0" offset="76" sl="242" sc="25" el="242" ec="25" bec="0" bev="0" fileid="11" />
                <SequencePoint vc="5" uspid="1477" ordinal="0" offset="96" sl="249" sc="9" el="249" ec="9" bec="0" bev="0" fileid="11" />
                <SequencePoint vc="5" uspid="1478" ordinal="0" offset="101" sl="250" sc="5" el="250" ec="5" bec="0" bev="0" fileid="11" />
              </SequencePoints>
              <BranchPoints />
            </Method>
            <Method visited="true" cyclomaticComplexity="0" nPathComplexity="0" sequenceCoverage="100.0" branchCoverage="0" crapScore="0" isConstructor="false" isStatic="false" isGetter="false" isSetter="false">
              <Summary numSequencePoints="3" visitedSequencePoints="3" numBranchPoints="0" visitedBranchPoints="0" sequenceCoverage="100.0" branchCoverage="0" maxCyclomaticComplexity="0" minCyclomaticComplexity="0" maxCrapScore="0" minCrapScore="0" visitedClasses="0" numClasses="0" visitedMethods="1" numMethods="1" />
              <MetadataToken>100663334</MetadataToken>
              <Name>Cell[,] GameFieldTests::GetFieldArray()</Name>
              <FileRef uid="11" />
              <SequencePoints>
                <SequencePoint vc="10" uspid="1479" ordinal="0" offset="0" sl="253" sc="5" el="253" ec="5" bec="0" bev="0" fileid="11" />
                <SequencePoint vc="10" uspid="1480" ordinal="0" offset="1" sl="255" sc="9" el="255" ec="9" bec="0" bev="0" fileid="11" />
                <SequencePoint vc="10" uspid="1481" ordinal="0" offset="49" sl="258" sc="5" el="258" ec="5" bec="0" bev="0" fileid="11" />
              </SequencePoints>
              <BranchPoints />
            </Method>
            <Method visited="true" cyclomaticComplexity="0" nPathComplexity="0" sequenceCoverage="100.0" branchCoverage="0" crapScore="0" isConstructor="false" isStatic="false" isGetter="false" isSetter="false">
              <Summary numSequencePoints="16" visitedSequencePoints="16" numBranchPoints="0" visitedBranchPoints="0" sequenceCoverage="100.0" branchCoverage="0" maxCyclomaticComplexity="0" minCyclomaticComplexity="0" maxCrapScore="0" minCrapScore="0" visitedClasses="0" numClasses="0" visitedMethods="1" numMethods="1" />
              <MetadataToken>100663335</MetadataToken>
              <Name>System.Void GameFieldTests::FillNoMovesLeftBoard()</Name>
              <FileRef uid="11" />
              <SequencePoints>
                <SequencePoint vc="2" uspid="1482" ordinal="0" offset="0" sl="261" sc="5" el="261" ec="5" bec="0" bev="0" fileid="11" />
                <SequencePoint vc="2" uspid="1483" ordinal="0" offset="1" sl="262" sc="9" el="262" ec="9" bec="0" bev="0" fileid="11" />
                <SequencePoint vc="2" uspid="1484" ordinal="0" offset="8" sl="263" sc="9" el="263" ec="9" bec="0" bev="0" fileid="11" />
                <SequencePoint vc="2" uspid="1485" ordinal="0" offset="20" sl="265" sc="14" el="265" ec="14" bec="0" bev="0" fileid="11" />
                <SequencePoint vc="8" uspid="1486" ordinal="0" offset="24" sl="266" sc="9" el="266" ec="9" bec="0" bev="0" fileid="11" />
                <SequencePoint vc="8" uspid="1487" ordinal="0" offset="25" sl="267" sc="18" el="267" ec="18" bec="0" bev="0" fileid="11" />
                <SequencePoint vc="32" uspid="1488" ordinal="0" offset="29" sl="268" sc="13" el="268" ec="13" bec="0" bev="0" fileid="11" />
                <SequencePoint vc="32" uspid="1489" ordinal="0" offset="30" sl="269" sc="17" el="269" ec="17" bec="0" bev="0" fileid="11" />
                <SequencePoint vc="32" uspid="1490" ordinal="0" offset="43" sl="270" sc="17" el="270" ec="17" bec="0" bev="0" fileid="11" />
                <SequencePoint vc="32" uspid="1491" ordinal="0" offset="61" sl="271" sc="13" el="271" ec="13" bec="0" bev="0" fileid="11" />
                <SequencePoint vc="32" uspid="1492" ordinal="0" offset="62" sl="267" sc="39" el="267" ec="39" bec="0" bev="0" fileid="11" />
                <SequencePoint vc="40" uspid="1493" ordinal="0" offset="66" sl="267" sc="29" el="267" ec="29" bec="0" bev="0" fileid="11" />
                <SequencePoint vc="8" uspid="1494" ordinal="0" offset="76" sl="272" sc="9" el="272" ec="9" bec="0" bev="0" fileid="11" />
                <SequencePoint vc="8" uspid="1495" ordinal="0" offset="77" sl="265" sc="35" el="265" ec="35" bec="0" bev="0" fileid="11" />
                <SequencePoint vc="10" uspid="1496" ordinal="0" offset="81" sl="265" sc="25" el="265" ec="25" bec="0" bev="0" fileid="11" />
                <SequencePoint vc="2" uspid="1497" ordinal="0" offset="91" sl="273" sc="5" el="273" ec="5" bec="0" bev="0" fileid="11" />
              </SequencePoints>
              <BranchPoints />
            </Method>
            <Method visited="true" cyclomaticComplexity="0" nPathComplexity="0" sequenceCoverage="75.00" branchCoverage="0" crapScore="0" isConstructor="false" isStatic="false" isGetter="false" isSetter="false">
              <Summary numSequencePoints="4" visitedSequencePoints="3" numBranchPoints="0" visitedBranchPoints="0" sequenceCoverage="75.00" branchCoverage="0" maxCyclomaticComplexity="0" minCyclomaticComplexity="0" maxCrapScore="0" minCrapScore="0" visitedClasses="0" numClasses="0" visitedMethods="1" numMethods="1" />
              <MetadataToken>100663337</MetadataToken>
              <Name>System.Void GameFieldTests::&lt;GenerateRandomCell_ShouldThrowExceptionIfNoEmptyCell&gt;b__15_0()</Name>
              <FileRef uid="11" />
              <SequencePoints>
                <SequencePoint vc="1" uspid="1498" ordinal="0" offset="0" sl="228" sc="9" el="228" ec="9" bec="0" bev="0" fileid="11" />
                <SequencePoint vc="1" uspid="1499" ordinal="0" offset="1" sl="229" sc="13" el="229" ec="13" bec="0" bev="0" fileid="11" />
                <SequencePoint vc="1" uspid="1500" ordinal="0" offset="24" sl="230" sc="13" el="230" ec="13" bec="0" bev="0" fileid="11" />
                <SequencePoint vc="0" uspid="1501" ordinal="0" offset="38" sl="231" sc="9" el="231" ec="9" bec="0" bev="0" fileid="11" />
              </SequencePoints>
              <BranchPoints />
            </Method>
          </Methods>
        </Class>
        <Class>
          <Summary numSequencePoints="19" visitedSequencePoints="18" numBranchPoints="0" visitedBranchPoints="0" sequenceCoverage="94.74" branchCoverage="0.0" maxCyclomaticComplexity="0" minCyclomaticComplexity="0" maxCrapScore="0" minCrapScore="0" visitedClasses="1" numClasses="1" visitedMethods="4" numMethods="4" />
          <FullName>InputHandlerTests</FullName>
          <Methods>
            <Method visited="true" cyclomaticComplexity="0" nPathComplexity="0" sequenceCoverage="100.0" branchCoverage="0" crapScore="0" isConstructor="false" isStatic="false" isGetter="false" isSetter="false">
              <Summary numSequencePoints="6" visitedSequencePoints="6" numBranchPoints="0" visitedBranchPoints="0" sequenceCoverage="100.0" branchCoverage="0" maxCyclomaticComplexity="0" minCyclomaticComplexity="0" maxCrapScore="0" minCrapScore="0" visitedClasses="0" numClasses="0" visitedMethods="1" numMethods="1" />
              <MetadataToken>100663338</MetadataToken>
              <Name>System.Void InputHandlerTests::SetUp()</Name>
              <FileRef uid="12" />
              <SequencePoints>
                <SequencePoint vc="5" uspid="1502" ordinal="0" offset="0" sl="16" sc="5" el="16" ec="5" bec="0" bev="0" fileid="12" />
                <SequencePoint vc="5" uspid="1503" ordinal="0" offset="1" sl="18" sc="9" el="18" ec="9" bec="0" bev="0" fileid="12" />
                <SequencePoint vc="5" uspid="1504" ordinal="0" offset="17" sl="19" sc="9" el="19" ec="9" bec="0" bev="0" fileid="12" />
                <SequencePoint vc="5" uspid="1505" ordinal="0" offset="34" sl="22" sc="9" el="22" ec="9" bec="0" bev="0" fileid="12" />
                <SequencePoint vc="5" uspid="1506" ordinal="0" offset="62" sl="27" sc="9" el="27" ec="9" bec="0" bev="0" fileid="12" />
                <SequencePoint vc="5" uspid="1507" ordinal="0" offset="90" sl="29" sc="5" el="29" ec="5" bec="0" bev="0" fileid="12" />
              </SequencePoints>
              <BranchPoints />
            </Method>
            <Method visited="true" cyclomaticComplexity="0" nPathComplexity="0" sequenceCoverage="100.0" branchCoverage="0" crapScore="0" isConstructor="false" isStatic="false" isGetter="false" isSetter="false">
              <Summary numSequencePoints="3" visitedSequencePoints="3" numBranchPoints="0" visitedBranchPoints="0" sequenceCoverage="100.0" branchCoverage="0" maxCyclomaticComplexity="0" minCyclomaticComplexity="0" maxCrapScore="0" minCrapScore="0" visitedClasses="0" numClasses="0" visitedMethods="1" numMethods="1" />
              <MetadataToken>100663339</MetadataToken>
              <Name>System.Void InputHandlerTests::TearDown()</Name>
              <FileRef uid="12" />
              <SequencePoints>
                <SequencePoint vc="5" uspid="1508" ordinal="0" offset="0" sl="33" sc="5" el="33" ec="5" bec="0" bev="0" fileid="12" />
                <SequencePoint vc="5" uspid="1509" ordinal="0" offset="1" sl="35" sc="9" el="35" ec="9" bec="0" bev="0" fileid="12" />
                <SequencePoint vc="5" uspid="1510" ordinal="0" offset="13" sl="36" sc="5" el="36" ec="5" bec="0" bev="0" fileid="12" />
              </SequencePoints>
              <BranchPoints />
            </Method>
            <Method visited="true" cyclomaticComplexity="0" nPathComplexity="0" sequenceCoverage="100.0" branchCoverage="0" crapScore="0" isConstructor="false" isStatic="false" isGetter="false" isSetter="false">
              <Summary numSequencePoints="6" visitedSequencePoints="6" numBranchPoints="0" visitedBranchPoints="0" sequenceCoverage="100.0" branchCoverage="0" maxCyclomaticComplexity="0" minCyclomaticComplexity="0" maxCrapScore="0" minCrapScore="0" visitedClasses="0" numClasses="0" visitedMethods="1" numMethods="1" />
              <MetadataToken>100663340</MetadataToken>
              <Name>System.Void InputHandlerTests::ConvertToCardinalDirection_ShouldReturnCorrectAxis(System.Single, System.Single, System.Single, System.Single)</Name>
              <FileRef uid="12" />
              <SequencePoints>
                <SequencePoint vc="4" uspid="1511" ordinal="0" offset="0" sl="45" sc="5" el="45" ec="5" bec="0" bev="0" fileid="12" />
                <SequencePoint vc="4" uspid="1512" ordinal="0" offset="1" sl="47" sc="9" el="47" ec="9" bec="0" bev="0" fileid="12" />
                <SequencePoint vc="4" uspid="1513" ordinal="0" offset="10" sl="48" sc="9" el="48" ec="9" bec="0" bev="0" fileid="12" />
                <SequencePoint vc="4" uspid="1514" ordinal="0" offset="48" sl="51" sc="9" el="51" ec="9" bec="0" bev="0" fileid="12" />
                <SequencePoint vc="4" uspid="1515" ordinal="0" offset="81" sl="52" sc="9" el="52" ec="9" bec="0" bev="0" fileid="12" />
                <SequencePoint vc="4" uspid="1516" ordinal="0" offset="115" sl="53" sc="5" el="53" ec="5" bec="0" bev="0" fileid="12" />
              </SequencePoints>
              <BranchPoints />
            </Method>
            <Method visited="true" cyclomaticComplexity="0" nPathComplexity="0" sequenceCoverage="75.00" branchCoverage="0" crapScore="0" isConstructor="false" isStatic="false" isGetter="false" isSetter="false">
              <Summary numSequencePoints="4" visitedSequencePoints="3" numBranchPoints="0" visitedBranchPoints="0" sequenceCoverage="75.00" branchCoverage="0" maxCyclomaticComplexity="0" minCyclomaticComplexity="0" maxCrapScore="0" minCrapScore="0" visitedClasses="0" numClasses="0" visitedMethods="1" numMethods="1" />
              <MetadataToken>100663341</MetadataToken>
              <Name>System.Void InputHandlerTests::Update_ShouldNotThrowExceptions_WhenCalledInEditMode()</Name>
              <FileRef uid="12" />
              <SequencePoints>
                <SequencePoint vc="1" uspid="1517" ordinal="0" offset="0" sl="60" sc="5" el="60" ec="5" bec="0" bev="0" fileid="12" />
                <SequencePoint vc="1" uspid="1518" ordinal="0" offset="1" sl="63" sc="9" el="63" ec="9" bec="0" bev="0" fileid="12" />
                <SequencePoint vc="1" uspid="1519" ordinal="0" offset="20" sl="66" sc="9" el="66" ec="9" bec="0" bev="0" fileid="12" />
                <SequencePoint vc="0" uspid="1520" ordinal="0" offset="31" sl="67" sc="5" el="67" ec="5" bec="0" bev="0" fileid="12" />
              </SequencePoints>
              <BranchPoints />
            </Method>
          </Methods>
        </Class>
      </Classes>
    </Module>
  </Modules>
</CoverageSession>